\BOOKMARK [1][-]{section.1}{Introduction}{}
\BOOKMARK [2][-]{subsection.1.1}{Who should read \(and who should write\) this guide}{section.1}
\BOOKMARK [2][-]{subsection.1.2}{Who may read this guide but will not necessarily profit from it}{section.1}
\BOOKMARK [2][-]{subsection.1.3}{How to contribute to Quantum ESPRESSO as a user}{section.1}
\BOOKMARK [1][-]{section.2}{How to become a developer}{}
\BOOKMARK [2][-]{subsection.2.1}{About qe-forge.org}{section.2}
\BOOKMARK [2][-]{subsection.2.2}{Contributing new developments}{section.2}
\BOOKMARK [2][-]{subsection.2.3}{Hints, Caveats, Do's and Dont's for developers}{section.2}
\BOOKMARK [2][-]{subsection.2.4}{Guidelines for reporting bugs}{section.2}
\BOOKMARK [1][-]{section.3}{ Structure of the distribution}{}
\BOOKMARK [2][-]{subsubsection.3.0.1}{ Libraries}{section.3}
\BOOKMARK [2][-]{subsection.3.1}{Installation mechanism}{section.3}
\BOOKMARK [3][-]{subsubsection.3.1.1}{ How to edit the configure script}{subsection.3.1}
\BOOKMARK [3][-]{subsubsection.3.1.2}{How to add support for a new architecture}{subsection.3.1}
\BOOKMARK [1][-]{section.4}{ Algorithms}{}
\BOOKMARK [2][-]{subsection.4.1}{Gamma tricks}{section.4}
\BOOKMARK [1][-]{section.5}{ Structure of the code}{}
\BOOKMARK [2][-]{subsection.5.1}{Preprocessing}{section.5}
\BOOKMARK [1][-]{section.6}{Format of arrays containing charge density, potential, etc.}{}
\BOOKMARK [1][-]{section.7}{Parallelization}{}
\BOOKMARK [2][-]{subsubsection.7.0.1}{Usage of \043ifdef \137\137MPI}{section.7}
\BOOKMARK [2][-]{subsection.7.1}{Tricks and pitfalls}{section.7}
\BOOKMARK [2][-]{subsection.7.2}{ Data distribution}{section.7}
\BOOKMARK [1][-]{section.8}{ File Formats}{}
\BOOKMARK [2][-]{subsection.8.1}{Data file\(s\)}{section.8}
\BOOKMARK [3][-]{subsubsection.8.1.1}{Rationale}{subsection.8.1}
\BOOKMARK [3][-]{subsubsection.8.1.2}{General structure}{subsection.8.1}
\BOOKMARK [3][-]{subsubsection.8.1.3}{ Structure of file "data-file.xml"}{subsection.8.1}
\BOOKMARK [3][-]{subsubsection.8.1.4}{Sample}{subsection.8.1}
\BOOKMARK [2][-]{subsection.8.2}{Restart files}{section.8}
\BOOKMARK [1][-]{section.9}{Modifying/adding/extending Quantum ESPRESSO}{}
\BOOKMARK [2][-]{subsection.9.1}{Programming style \(or lack of it\)}{section.9}
\BOOKMARK [2][-]{subsection.9.2}{Adding or modifying input variables}{section.9}
\BOOKMARK [1][-]{section.10}{ Using SVN}{}
\BOOKMARK [2][-]{subsection.10.1}{SVN operations}{section.10}
\BOOKMARK [2][-]{subsection.10.2}{Removing conflicts}{section.10}
\BOOKMARK [1][-]{section.11}{Bibliography}{}
