This is pdfeTeX, Version 3.141592-1.21a-2.2 (Web2C 7.5.4) (format=pdflatex 2012.9.4)  21 NOV 2012 13:54
entering extended mode
**plumed_quick_ref.tex
(./plumed_quick_ref.tex
LaTeX2e <2003/12/01>
Babel <v3.8d> and hyphenation patterns for american, french, german, ngerman, b
ahasa, basque, bulgarian, catalan, croatian, czech, danish, dutch, esperanto, e
stonian, finnish, greek, icelandic, irish, italian, latin, magyar, norsk, polis
h, portuges, romanian, russian, serbian, slovak, slovene, spanish, swedish, tur
kish, ukrainian, nohyphenation, loaded.
(/usr/share/texmf/tex/latex/base/article.cls
Document Class: article 2004/02/16 v1.4f Standard LaTeX document class
(/usr/share/texmf/tex/latex/base/size12.clo
File: size12.clo 2004/02/16 v1.4f Standard LaTeX file (size option)
)
\c@part=\count79
\c@section=\count80
\c@subsection=\count81
\c@subsubsection=\count82
\c@paragraph=\count83
\c@subparagraph=\count84
\c@figure=\count85
\c@table=\count86
\abovecaptionskip=\skip41
\belowcaptionskip=\skip42
\bibindent=\dimen102
)
(/usr/share/texmf/tex/latex/amsfonts/amssymb.sty
Package: amssymb 2002/01/22 v2.2d

(/usr/share/texmf/tex/latex/amsfonts/amsfonts.sty
Package: amsfonts 2001/10/25 v2.2f
\@emptytoks=\toks14
\symAMSa=\mathgroup4
\symAMSb=\mathgroup5
LaTeX Font Info:    Overwriting math alphabet `\mathfrak' in version `bold'
(Font)                  U/euf/m/n --> U/euf/b/n on input line 132.
))
(/usr/share/texmf/tex/latex/graphics/graphicx.sty
Package: graphicx 1999/02/16 v1.0f Enhanced LaTeX Graphics (DPC,SPQR)

(/usr/share/texmf/tex/latex/graphics/keyval.sty
Package: keyval 1999/03/16 v1.13 key=value parser (DPC)
\KV@toks@=\toks15
)
(/usr/share/texmf/tex/latex/graphics/graphics.sty
Package: graphics 2001/07/07 v1.0n Standard LaTeX Graphics (DPC,SPQR)

(/usr/share/texmf/tex/latex/graphics/trig.sty
Package: trig 1999/03/16 v1.09 sin cos tan (DPC)
)
(/usr/share/texmf/tex/latex/graphics/graphics.cfg
File: graphics.cfg 2005/02/03 v1.3 graphics configuration of teTeX/TeXLive
)
Package graphics Info: Driver file: pdftex.def on input line 80.

(/usr/share/texmf/tex/latex/graphics/pdftex.def
File: pdftex.def 2002/06/19 v0.03k graphics/color for pdftex
\Gread@gobject=\count87
))
\Gin@req@height=\dimen103
\Gin@req@width=\dimen104
)
(/usr/share/texmf/tex/latex/hyperref/hyperref.sty
Package: hyperref 2003/11/30 v6.74m Hypertext links for LaTeX
\@linkdim=\dimen105
\Hy@linkcounter=\count88
\Hy@pagecounter=\count89

(/usr/share/texmf/tex/latex/hyperref/pd1enc.def
File: pd1enc.def 2003/11/30 v6.74m Hyperref: PDFDocEncoding definition (HO)
)
(/usr/share/texmf/tex/latex/hyperref/hyperref.cfg
File: hyperref.cfg 2002/06/06 v1.2 hyperref configuration of TeXLive and teTeX
)
Package hyperref Info: Hyper figures OFF on input line 1880.
Package hyperref Info: Link nesting OFF on input line 1885.
Package hyperref Info: Hyper index ON on input line 1888.
Package hyperref Info: Plain pages ON on input line 1893.
Package hyperref Info: Backreferencing OFF on input line 1900.

Implicit mode ON; LaTeX internals redefined
Package hyperref Info: Bookmarks ON on input line 2004.
(/usr/share/texmf/tex/latex/html/url.sty
Package: url 1999/03/02  ver 1.4  Verb mode for urls, email addresses, and file
 names
)
LaTeX Info: Redefining \url on input line 2143.
\Fld@menulength=\count90
\Field@Width=\dimen106
\Fld@charsize=\dimen107
\Choice@toks=\toks16
\Field@toks=\toks17
Package hyperref Info: Hyper figures OFF on input line 2618.
Package hyperref Info: Link nesting OFF on input line 2623.
Package hyperref Info: Hyper index ON on input line 2626.
Package hyperref Info: backreferencing OFF on input line 2633.
Package hyperref Info: Link coloring OFF on input line 2638.
\c@Item=\count91
\c@Hfootnote=\count92
)
*hyperref using default driver hpdftex*
(/usr/share/texmf/tex/latex/hyperref/hpdftex.def
File: hpdftex.def 2003/11/30 v6.74m Hyperref driver for pdfTeX

(/usr/share/texmf/tex/latex/psnfss/pifont.sty
Package: pifont 2004/09/15 PSNFSS-v9.2 Pi font support (SPQR) 
LaTeX Font Info:    Try loading font information for U+pzd on input line 63.

(/usr/share/texmf/tex/latex/psnfss/upzd.fd
File: upzd.fd 2001/06/04 font definitions for U/pzd.
)
LaTeX Font Info:    Try loading font information for U+psy on input line 64.

(/usr/share/texmf/tex/latex/psnfss/upsy.fd
File: upsy.fd 2001/06/04 font definitions for U/psy.
))
\Fld@listcount=\count93
\@outlinefile=\write3
)
(/usr/share/texmf/tex/latex/amsmath/amsmath.sty
Package: amsmath 2000/07/18 v2.13 AMS math features
\@mathmargin=\skip43

For additional information on amsmath, use the `?' option.
(/usr/share/texmf/tex/latex/amsmath/amstext.sty
Package: amstext 2000/06/29 v2.01

(/usr/share/texmf/tex/latex/amsmath/amsgen.sty
File: amsgen.sty 1999/11/30 v2.0
\@emptytoks=\toks18
\ex@=\dimen108
))
(/usr/share/texmf/tex/latex/amsmath/amsbsy.sty
Package: amsbsy 1999/11/29 v1.2d
\pmbraise@=\dimen109
)
(/usr/share/texmf/tex/latex/amsmath/amsopn.sty
Package: amsopn 1999/12/14 v2.01 operator names
)
\inf@bad=\count94
LaTeX Info: Redefining \frac on input line 211.
\uproot@=\count95
\leftroot@=\count96
LaTeX Info: Redefining \overline on input line 307.
\classnum@=\count97
\DOTSCASE@=\count98
LaTeX Info: Redefining \ldots on input line 379.
LaTeX Info: Redefining \dots on input line 382.
LaTeX Info: Redefining \cdots on input line 467.
\Mathstrutbox@=\box26
\strutbox@=\box27
\big@size=\dimen110
LaTeX Font Info:    Redeclaring font encoding OML on input line 567.
LaTeX Font Info:    Redeclaring font encoding OMS on input line 568.
\macc@depth=\count99
\c@MaxMatrixCols=\count100
\dotsspace@=\muskip10
\c@parentequation=\count101
\dspbrk@lvl=\count102
\tag@help=\toks19
\row@=\count103
\column@=\count104
\maxfields@=\count105
\andhelp@=\toks20
\eqnshift@=\dimen111
\alignsep@=\dimen112
\tagshift@=\dimen113
\tagwidth@=\dimen114
\totwidth@=\dimen115
\lineht@=\dimen116
\@envbody=\toks21
\multlinegap=\skip44
\multlinetaggap=\skip45
\mathdisplay@stack=\toks22
LaTeX Info: Redefining \[ on input line 2666.
LaTeX Info: Redefining \] on input line 2667.
) (./plumed_quick_ref.aux)
\openout1 = `plumed_quick_ref.aux'.

LaTeX Font Info:    Checking defaults for OML/cmm/m/it on input line 15.
LaTeX Font Info:    ... okay on input line 15.
LaTeX Font Info:    Checking defaults for T1/cmr/m/n on input line 15.
LaTeX Font Info:    ... okay on input line 15.
LaTeX Font Info:    Checking defaults for OT1/cmr/m/n on input line 15.
LaTeX Font Info:    ... okay on input line 15.
LaTeX Font Info:    Checking defaults for OMS/cmsy/m/n on input line 15.
LaTeX Font Info:    ... okay on input line 15.
LaTeX Font Info:    Checking defaults for OMX/cmex/m/n on input line 15.
LaTeX Font Info:    ... okay on input line 15.
LaTeX Font Info:    Checking defaults for U/cmr/m/n on input line 15.
LaTeX Font Info:    ... okay on input line 15.
LaTeX Font Info:    Checking defaults for PD1/pdf/m/n on input line 15.
LaTeX Font Info:    ... okay on input line 15.

(/usr/share/texmf/tex/context/base/supp-pdf.tex
(/usr/share/texmf/tex/context/base/supp-mis.tex
loading : Context Support Macros / Miscellaneous (2004.10.26)
\protectiondepth=\count106
\scratchcounter=\count107
\scratchtoks=\toks23
\scratchdimen=\dimen117
\scratchskip=\skip46
\scratchmuskip=\muskip11
\scratchbox=\box28
\scratchread=\read1
\scratchwrite=\write4
\zeropoint=\dimen118
\onepoint=\dimen119
\onebasepoint=\dimen120
\minusone=\count108
\thousandpoint=\dimen121
\onerealpoint=\dimen122
\emptytoks=\toks24
\nextbox=\box29
\nextdepth=\dimen123
\everyline=\toks25
\!!counta=\count109
\!!countb=\count110
\recursecounter=\count111
)
loading : Context Support Macros / PDF (2004.03.26)
\nofMPsegments=\count112
\nofMParguments=\count113
\MPscratchCnt=\count114
\MPscratchDim=\dimen124
\MPnumerator=\count115
\everyMPtoPDFconversion=\toks26
)
Package hyperref Info: Link coloring OFF on input line 15.
 (/usr/share/texmf/tex/latex/hyperref/nameref.sty
Package: nameref 2003/12/03 v2.21 Cross-referencing by name of section
\c@section@level=\count116
)
LaTeX Info: Redefining \ref on input line 15.
LaTeX Info: Redefining \pageref on input line 15.
 (./plumed_quick_ref.out)
(./plumed_quick_ref.out)
\openout3 = `plumed_quick_ref.out'.

LaTeX Font Info:    Try loading font information for U+msa on input line 22.
 (/usr/share/texmf/tex/latex/amsfonts/umsa.fd
File: umsa.fd 2002/01/19 v2.2g AMS font definitions
)
LaTeX Font Info:    Try loading font information for U+msb on input line 22.

(/usr/share/texmf/tex/latex/amsfonts/umsb.fd
File: umsb.fd 2002/01/19 v2.2g AMS font definitions
) (./plumed_quick_ref.toc)
\tf@toc=\write5
\openout5 = `plumed_quick_ref.toc'.

 [1

{/usr/share/texmf-var/fonts/map/pdftex/updmap/pdftex.map}]
Underfull \hbox (badness 10000) in paragraph at lines 39--40

 []

LaTeX Font Info:    Font shape `OT1/cmtt/bx/n' in size <12> not available
(Font)              Font shape `OT1/cmtt/m/n' tried instead on input line 41.
LaTeX Font Info:    Try loading font information for OMS+cmr on input line 44.
(/usr/share/texmf/tex/latex/base/omscmr.fd
File: omscmr.fd 1999/05/25 v2.5h Standard LaTeX font definitions
)
LaTeX Font Info:    Font shape `OMS/cmr/m/n' in size <12> not available
(Font)              Font shape `OMS/cmsy/m/n' tried instead on input line 44.
 [2] [3]
Underfull \hbox (badness 10000) in paragraph at lines 107--108

 []

LaTeX Font Info:    Font shape `OT1/cmtt/bx/n' in size <14.4> not available
(Font)              Font shape `OT1/cmtt/m/n' tried instead on input line 122.

Package hyperref Warning: Token not allowed in a PDFDocEncoded string,
(hyperref)                removing `\<def>-command' on input line 122.


Package hyperref Warning: Token not allowed in a PDFDocEncoded string,
(hyperref)                removing `\f@encoding' on input line 122.


Package hyperref Warning: Token not allowed in a PDFDocEncoded string,
(hyperref)                removing `\<let>-command' on input line 122.


Package hyperref Warning: Token not allowed in a PDFDocEncoded string,
(hyperref)                removing `\<def>-command' on input line 122.


Package hyperref Warning: Token not allowed in a PDFDocEncoded string,
(hyperref)                removing `\f@family' on input line 122.


Package hyperref Warning: Token not allowed in a PDFDocEncoded string,
(hyperref)                removing `\<def>-command' on input line 122.


Package hyperref Warning: Token not allowed in a PDFDocEncoded string,
(hyperref)                removing `\f@series' on input line 122.


Package hyperref Warning: Token not allowed in a PDFDocEncoded string,
(hyperref)                removing `\<def>-command' on input line 122.


Package hyperref Warning: Token not allowed in a PDFDocEncoded string,
(hyperref)                removing `\f@shape' on input line 122.


Package hyperref Warning: Token not allowed in a PDFDocEncoded string,
(hyperref)                removing `\<def>-command' on input line 122.


Package hyperref Warning: Token not allowed in a PDFDocEncoded string,
(hyperref)                removing `\font@name' on input line 122.


Package hyperref Warning: Token not allowed in a PDFDocEncoded string,
(hyperref)                removing `\OT1/cmtt/bx/n/14.4' on input line 122.


Package hyperref Warning: Token not allowed in a PDFDocEncoded string,
(hyperref)                removing `\ignorespaces' on input line 122.


Package hyperref Warning: Token not allowed in a PDFDocEncoded string,
(hyperref)                removing `\<def>-command' on input line 122.


Package hyperref Warning: Token not allowed in a PDFDocEncoded string,
(hyperref)                removing `\f@shape' on input line 122.


Package hyperref Warning: Token not allowed in a PDFDocEncoded string,
(hyperref)                removing `\<def>-command' on input line 122.


Package hyperref Warning: Token not allowed in a PDFDocEncoded string,
(hyperref)                removing `\font@name' on input line 122.


Package hyperref Warning: Token not allowed in a PDFDocEncoded string,
(hyperref)                removing `\OT1/cmtt/bx/n/14.4' on input line 122.

[4]

Package hyperref Warning: Token not allowed in a PDFDocEncoded string,
(hyperref)                removing `\<def>-command' on input line 143.


Package hyperref Warning: Token not allowed in a PDFDocEncoded string,
(hyperref)                removing `\f@encoding' on input line 143.


Package hyperref Warning: Token not allowed in a PDFDocEncoded string,
(hyperref)                removing `\<let>-command' on input line 143.


Package hyperref Warning: Token not allowed in a PDFDocEncoded string,
(hyperref)                removing `\<def>-command' on input line 143.


Package hyperref Warning: Token not allowed in a PDFDocEncoded string,
(hyperref)                removing `\f@family' on input line 143.


Package hyperref Warning: Token not allowed in a PDFDocEncoded string,
(hyperref)                removing `\<def>-command' on input line 143.


Package hyperref Warning: Token not allowed in a PDFDocEncoded string,
(hyperref)                removing `\f@series' on input line 143.


Package hyperref Warning: Token not allowed in a PDFDocEncoded string,
(hyperref)                removing `\<def>-command' on input line 143.


Package hyperref Warning: Token not allowed in a PDFDocEncoded string,
(hyperref)                removing `\f@shape' on input line 143.


Package hyperref Warning: Token not allowed in a PDFDocEncoded string,
(hyperref)                removing `\<def>-command' on input line 143.


Package hyperref Warning: Token not allowed in a PDFDocEncoded string,
(hyperref)                removing `\font@name' on input line 143.


Package hyperref Warning: Token not allowed in a PDFDocEncoded string,
(hyperref)                removing `\OT1/cmr/m/sc/14.4' on input line 143.


Package hyperref Warning: Token not allowed in a PDFDocEncoded string,
(hyperref)                removing `\ignorespaces' on input line 143.


Package hyperref Warning: Token not allowed in a PDFDocEncoded string,
(hyperref)                removing `\<def>-command' on input line 143.


Package hyperref Warning: Token not allowed in a PDFDocEncoded string,
(hyperref)                removing `\f@shape' on input line 143.


Package hyperref Warning: Token not allowed in a PDFDocEncoded string,
(hyperref)                removing `\<def>-command' on input line 143.


Package hyperref Warning: Token not allowed in a PDFDocEncoded string,
(hyperref)                removing `\font@name' on input line 143.


Package hyperref Warning: Token not allowed in a PDFDocEncoded string,
(hyperref)                removing `\OT1/cmr/m/sc/14.4' on input line 143.


Overfull \hbox (6.91164pt too wide) in paragraph at lines 145--146
\OT1/cmr/m/n/12 To run the meta-dy-nam-ics cal-cu-la-tions, you will need to pr
e-pare the in-put file \OT1/cmtt/m/n/12 plumed.dat
 []


Overfull \hbox (52.98253pt too wide) in paragraph at lines 200--200
[]\OT1/cmtt/m/n/12 sum_hills.x -file HILLS -out fes.dat -ndim 3 -ndw 1 2 -kt 0.
6 -ngrid 100 100 100[] 
 []

[5]
Overfull \hbox (9.7575pt too wide) in paragraph at lines 200--200
[]\OT1/cmtt/m/n/12 [-cutoff_s 6.25  ] (the hills are cutoff at 6.25 standard de
viations from[] 
 []


Overfull \hbox (28.28252pt too wide) in paragraph at lines 200--200
[]\OT1/cmtt/m/n/12 [-2pi x          ] ([0;2pi] periodicity on the x CV, if -fix
 is not used 2pi[] 
 []


Overfull \hbox (34.45752pt too wide) in paragraph at lines 200--200
[]\OT1/cmtt/m/n/12 [-pi x           ] ([-pi;pi] periodicity on the x CV, if -fi
x is not used 2pi[] 
 []


Overfull \hbox (59.15753pt too wide) in paragraph at lines 200--200
[]\OT1/cmtt/m/n/12 [-bias <biasfact>] (writing output the bias for a well tempe
red metadynamics run)[] 
 []

<./pic/sn2_reaction.pdf, id=161, 844.15375pt x 404.712pt>
File: ./pic/sn2_reaction.pdf Graphic file (type pdf)

<use ./pic/sn2_reaction.pdf> [6]
Overfull \hbox (2.78009pt too wide) in paragraph at lines 230--230
[]\OT1/cmr/bx/n/14.4 Metadynamics with Born-Oppenheimer molec-u-lar dy-nam-
 []

[7 <./pic/sn2_reaction.pdf>] [8] [9]
Overfull \hbox (15.93251pt too wide) in paragraph at lines 359--359
[]\OT1/cmtt/m/n/12 1-DISTANCE: (1st SET: 1 ATOMS), (2nd SET: 1 ATOMS);  PBC ON 
SIGMA 0.300000[] 
 []


Overfull \hbox (15.93251pt too wide) in paragraph at lines 359--359
[]\OT1/cmtt/m/n/12 2-DISTANCE: (1st SET: 1 ATOMS), (2nd SET: 1 ATOMS);  PBC ON 
SIGMA 0.300000[] 
 []


Overfull \hbox (34.45752pt too wide) in paragraph at lines 359--359
[]\OT1/cmtt/m/n/12 |-WALL ON COLVAR 1: UPPER LIMIT = 7.000000, KAPPA = 100.0000
00, EXPONENT = 4,[] 
 []


Overfull \hbox (34.45752pt too wide) in paragraph at lines 359--359
[]\OT1/cmtt/m/n/12 |-WALL ON COLVAR 1: LOWER LIMIT = 2.500000, KAPPA = 100.0000
00, EXPONENT = 4,[] 
 []


Overfull \hbox (34.45752pt too wide) in paragraph at lines 359--359
[]\OT1/cmtt/m/n/12 |-WALL ON COLVAR 2: UPPER LIMIT = 7.000000, KAPPA = 100.0000
00, EXPONENT = 4,[] 
 []


Overfull \hbox (34.45752pt too wide) in paragraph at lines 359--359
[]\OT1/cmtt/m/n/12 |-WALL ON COLVAR 2: LOWER LIMIT = 2.500000, KAPPA = 100.0000
00, EXPONENT = 4,[] 
 []


Overfull \hbox (40.63252pt too wide) in paragraph at lines 377--377
[]     \OT1/cmtt/m/n/12 0.000      3.470115309      5.828643634      0.00000000
0      0.000000000[] 
 []


Overfull \hbox (40.63252pt too wide) in paragraph at lines 377--377
[]    \OT1/cmtt/m/n/12 20.000      3.476912892      5.822800771      0.00000000
0      0.000000000[] 
 []


Overfull \hbox (40.63252pt too wide) in paragraph at lines 377--377
[]    \OT1/cmtt/m/n/12 40.000      3.483516729      5.817608411      0.00100000
0      0.000000000[] 
 []


Overfull \hbox (40.63252pt too wide) in paragraph at lines 377--377
[]    \OT1/cmtt/m/n/12 60.000      3.490411466      5.812574439      0.00099960
0      0.000000000[] 
 []


Overfull \hbox (40.63252pt too wide) in paragraph at lines 377--377
[]    \OT1/cmtt/m/n/12 80.000      3.498291622      5.807005696      0.00199817
0      0.000000000[] 
 []


Overfull \hbox (40.63252pt too wide) in paragraph at lines 377--377
[]   \OT1/cmtt/m/n/12 100.000      3.507739014      5.800326723      0.00199435
6      0.000000000[] 
 []

[10]
Missing character: There is no Õ in font cmr12!
 <./pic/sn2cv.pdf, id=265, 356.23087pt x 210.7875pt>
File: ./pic/sn2cv.pdf Graphic file (type pdf)
 <use ./pic/sn2cv.pdf>
<./pic/sn2cvs.pdf, id=266, 352.71774pt x 210.7875pt>
File: ./pic/sn2cvs.pdf Graphic file (type pdf)
 <use ./pic/sn2cvs.pdf>
Overfull \hbox (40.63252pt too wide) in paragraph at lines 412--412
[]    \OT1/cmtt/m/n/12 40.000      3.483516729      5.817608411      0.30000000
0      0.300000000[] 
 []


Overfull \hbox (40.63252pt too wide) in paragraph at lines 412--412
[]    \OT1/cmtt/m/n/12 80.000      3.498291622      5.807005696      0.30000000
0      0.300000000[] 
 []


Overfull \hbox (40.63252pt too wide) in paragraph at lines 412--412
[]   \OT1/cmtt/m/n/12 120.000      3.519061248      5.792237732      0.30000000
0      0.300000000[] 
 []


Overfull \hbox (40.63252pt too wide) in paragraph at lines 412--412
[]   \OT1/cmtt/m/n/12 160.000      3.547107311      5.772092610      0.30000000
0      0.300000000[] 
 []


Overfull \hbox (40.63252pt too wide) in paragraph at lines 412--412
[]   \OT1/cmtt/m/n/12 200.000      3.578429291      5.750272190      0.30000000
0      0.300000000[] 
 []

[11 <./pic/sn2cv.pdf>]
Overfull \hbox (40.63252pt too wide) in paragraph at lines 412--412
[]   \OT1/cmtt/m/n/12 240.000      3.606928115      5.732241302      0.30000000
0      0.300000000[] 
 []


Overfull \hbox (13.80449pt too wide) in paragraph at lines 426--427
[]\OT1/cmr/m/n/12 In or-der to restart a meta-dy-nam-ics run, the flag \OT1/cmt
t/m/n/12 RESTART \OT1/cmr/m/n/12 must be added to \OT1/cmtt/m/n/12 plumed.dat
 []

[12 <./pic/sn2cvs.pdf>] <./pic/sn2_fes.pdf, id=285, 346.4945pt x 152.36925pt>
File: ./pic/sn2_fes.pdf Graphic file (type pdf)

<use ./pic/sn2_fes.pdf> [13 <./pic/sn2_fes.pdf>] [14]
<./pic/hh_fes.pdf, id=310, 350.10799pt x 210.7875pt>
File: ./pic/hh_fes.pdf Graphic file (type pdf)
 <use ./pic/hh_fes.pdf>
[15 <./pic/hh_fes.pdf>]
Underfull \hbox (badness 10000) in paragraph at lines 537--538
[]\OT1/cmr/m/n/12 User's Guide for \OT1/cmr/m/sc/12 Quan-tum ESPRESSO\OT1/cmr/m
/n/12 : \OT1/cmtt/m/n/12 espresso/Doc/\OT1/cmr/m/n/12 ;
 []

[16] (./plumed_quick_ref.aux) ) 
Here is how much of TeX's memory you used:
 3552 strings out of 94500
 45590 string characters out of 1176767
 98478 words of memory out of 1000000
 6627 multiletter control sequences out of 10000+50000
 15206 words of font info for 58 fonts, out of 500000 for 2000
 580 hyphenation exceptions out of 1000
 27i,7n,41p,1810b,255s stack positions out of 1500i,500n,5000p,200000b,5000s
PDF statistics:
 327 PDF objects out of 300000
 53 named destinations out of 131072
 154 words of extra memory for PDF output out of 65536
</usr/share/texmf/fonts/type1/bluesky/cm/cmsy8.p
fb></usr/share/texmf/fonts/type1/bluesky/cm/cmmi6.pfb></usr/share/texmf/fonts/t
ype1/bluesky/cm/cmsy6.pfb></usr/share/texmf/fonts/type1/bluesky/cm/cmr8.pfb></u
sr/share/texmf/fonts/type1/bluesky/cm/cmex10.pfb></usr/share/texmf/fonts/type1/
bluesky/cm/cmmi8.pfb></usr/share/texmf/fonts/type1/bluesky/cm/cmmi12.pfb></usr/
share/texmf/fonts/type1/bluesky/cm/cmsy10.pfb></usr/share/texmf/fonts/type1/blu
esky/cm/cmbx12.pfb></usr/share/texmf/fonts/type1/bluesky/cm/cmr12.pfb></usr/sha
re/texmf/fonts/type1/bluesky/cm/cmti12.pfb></usr/share/texmf/fonts/type1/bluesk
y/cm/cmcsc10.pfb></usr/share/texmf/fonts/type1/bluesky/cm/cmtt12.pfb></usr/shar
e/texmf/fonts/type1/bluesky/cm/cmr17.pfb>
Output written on plumed_quick_ref.pdf (16 pages, 518854 bytes).
