This is pdfTeX, Version 3.1415926-2.4-1.40.13 (TeX Live 2012/Debian) (format=pdflatex 2013.10.8)  8 MAR 2015 15:17
entering extended mode
 restricted \write18 enabled.
 %&-line parsing enabled.
**user_guide.tex
(./user_guide.tex
LaTeX2e <2011/06/27>
Babel <v3.8m> and hyphenation patterns for english, dumylang, nohyphenation, it
alian, loaded.
(/usr/share/texlive/texmf-dist/tex/latex/base/article.cls
Document Class: article 2007/10/19 v1.4h Standard LaTeX document class
(/usr/share/texlive/texmf-dist/tex/latex/base/size12.clo
File: size12.clo 2007/10/19 v1.4h Standard LaTeX file (size option)
)
\c@part=\count79
\c@section=\count80
\c@subsection=\count81
\c@subsubsection=\count82
\c@paragraph=\count83
\c@subparagraph=\count84
\c@figure=\count85
\c@table=\count86
\abovecaptionskip=\skip41
\belowcaptionskip=\skip42
\bibindent=\dimen102
)
(/usr/share/texmf/tex/latex/html/html.sty
(/usr/share/texlive/texmf-dist/tex/latex/hyperref/hyperref.sty
Package: hyperref 2012/05/13 v6.82q Hypertext links for LaTeX

(/usr/share/texlive/texmf-dist/tex/generic/oberdiek/hobsub-hyperref.sty
Package: hobsub-hyperref 2012/05/28 v1.13 Bundle oberdiek, subset hyperref (HO)


(/usr/share/texlive/texmf-dist/tex/generic/oberdiek/hobsub-generic.sty
Package: hobsub-generic 2012/05/28 v1.13 Bundle oberdiek, subset generic (HO)
Package: hobsub 2012/05/28 v1.13 Construct package bundles (HO)
Package: infwarerr 2010/04/08 v1.3 Providing info/warning/error messages (HO)
Package: ltxcmds 2011/11/09 v1.22 LaTeX kernel commands for general use (HO)
Package: ifluatex 2010/03/01 v1.3 Provides the ifluatex switch (HO)
Package ifluatex Info: LuaTeX not detected.
Package: ifvtex 2010/03/01 v1.5 Detect VTeX and its facilities (HO)
Package ifvtex Info: VTeX not detected.
Package: intcalc 2007/09/27 v1.1 Expandable calculations with integers (HO)
Package: ifpdf 2011/01/30 v2.3 Provides the ifpdf switch (HO)
Package ifpdf Info: pdfTeX in PDF mode is detected.
Package: etexcmds 2011/02/16 v1.5 Avoid name clashes with e-TeX commands (HO)
Package etexcmds Info: Could not find \expanded.
(etexcmds)             That can mean that you are not using pdfTeX 1.50 or
(etexcmds)             that some package has redefined \expanded.
(etexcmds)             In the latter case, load this package earlier.
Package: kvsetkeys 2012/04/25 v1.16 Key value parser (HO)
Package: kvdefinekeys 2011/04/07 v1.3 Define keys (HO)
Package: pdftexcmds 2011/11/29 v0.20 Utility functions of pdfTeX for LuaTeX (HO
)
Package pdftexcmds Info: LuaTeX not detected.
Package pdftexcmds Info: \pdf@primitive is available.
Package pdftexcmds Info: \pdf@ifprimitive is available.
Package pdftexcmds Info: \pdfdraftmode found.
Package: pdfescape 2011/11/25 v1.13 Implements pdfTeX's escape features (HO)
Package: bigintcalc 2012/04/08 v1.3 Expandable calculations on big integers (HO
)
Package: bitset 2011/01/30 v1.1 Handle bit-vector datatype (HO)
Package: uniquecounter 2011/01/30 v1.2 Provide unlimited unique counter (HO)
)
Package hobsub Info: Skipping package `hobsub' (already loaded).
Package: letltxmacro 2010/09/02 v1.4 Let assignment for LaTeX macros (HO)
Package: hopatch 2012/05/28 v1.2 Wrapper for package hooks (HO)
Package: xcolor-patch 2011/01/30 xcolor patch
Package: atveryend 2011/06/30 v1.8 Hooks at the very end of document (HO)
Package atveryend Info: \enddocument detected (standard20110627).
Package: atbegshi 2011/10/05 v1.16 At begin shipout hook (HO)
Package: refcount 2011/10/16 v3.4 Data extraction from label references (HO)
Package: hycolor 2011/01/30 v1.7 Color options for hyperref/bookmark (HO)
)
(/usr/share/texlive/texmf-dist/tex/latex/graphics/keyval.sty
Package: keyval 1999/03/16 v1.13 key=value parser (DPC)
\KV@toks@=\toks14
)
(/usr/share/texlive/texmf-dist/tex/generic/ifxetex/ifxetex.sty
Package: ifxetex 2010/09/12 v0.6 Provides ifxetex conditional
)
(/usr/share/texlive/texmf-dist/tex/latex/oberdiek/kvoptions.sty
Package: kvoptions 2011/06/30 v3.11 Key value format for package options (HO)
)
\@linkdim=\dimen103
\Hy@linkcounter=\count87
\Hy@pagecounter=\count88

(/usr/share/texlive/texmf-dist/tex/latex/hyperref/pd1enc.def
File: pd1enc.def 2012/05/13 v6.82q Hyperref: PDFDocEncoding definition (HO)
)
\Hy@SavedSpaceFactor=\count89

(/usr/share/texlive/texmf-dist/tex/latex/latexconfig/hyperref.cfg
File: hyperref.cfg 2002/06/06 v1.2 hyperref configuration of TeXLive
)
Package hyperref Info: Hyper figures OFF on input line 4062.
Package hyperref Info: Link nesting OFF on input line 4067.
Package hyperref Info: Hyper index ON on input line 4070.
Package hyperref Info: Plain pages OFF on input line 4077.
Package hyperref Info: Backreferencing OFF on input line 4082.
Package hyperref Info: Implicit mode ON; LaTeX internals redefined.
Package hyperref Info: Bookmarks ON on input line 4300.
\c@Hy@tempcnt=\count90

(/usr/share/texlive/texmf-dist/tex/latex/url/url.sty
\Urlmuskip=\muskip10
Package: url 2006/04/12  ver 3.3  Verb mode for urls, etc.
)
LaTeX Info: Redefining \url on input line 4653.
\Fld@menulength=\count91
\Field@Width=\dimen104
\Fld@charsize=\dimen105
Package hyperref Info: Hyper figures OFF on input line 5773.
Package hyperref Info: Link nesting OFF on input line 5778.
Package hyperref Info: Hyper index ON on input line 5781.
Package hyperref Info: backreferencing OFF on input line 5788.
Package hyperref Info: Link coloring OFF on input line 5793.
Package hyperref Info: Link coloring with OCG OFF on input line 5798.
Package hyperref Info: PDF/A mode OFF on input line 5803.
LaTeX Info: Redefining \ref on input line 5843.
LaTeX Info: Redefining \pageref on input line 5847.
\Hy@abspage=\count92
\c@Item=\count93
\c@Hfootnote=\count94
)

Package hyperref Message: Driver: hpdftex.

(/usr/share/texlive/texmf-dist/tex/latex/hyperref/hpdftex.def
File: hpdftex.def 2012/05/13 v6.82q Hyperref driver for pdfTeX
\Fld@listcount=\count95
\c@bookmark@seq@number=\count96

(/usr/share/texlive/texmf-dist/tex/latex/oberdiek/rerunfilecheck.sty
Package: rerunfilecheck 2011/04/15 v1.7 Rerun checks for auxiliary files (HO)
Package uniquecounter Info: New unique counter `rerunfilecheck' on input line 2
82.
)
\Hy@SectionHShift=\skip43
)
Package: html 1999/07/19 v1.38 hypertext commands for latex2html (nd, hws, rrm)

\c@lpart=\count97
\c@lchapter=\count98
\c@chapter=\count99
\c@lsection=\count100
\c@lsubsection=\count101
\c@lsubsubsection=\count102
\c@lparagraph=\count103
\c@lsubparagraph=\count104
\c@lsubsubparagraph=\count105
\ptrfile=\write3
)
(/usr/share/texlive/texmf-dist/tex/latex/graphics/graphicx.sty
Package: graphicx 1999/02/16 v1.0f Enhanced LaTeX Graphics (DPC,SPQR)

(/usr/share/texlive/texmf-dist/tex/latex/graphics/graphics.sty
Package: graphics 2009/02/05 v1.0o Standard LaTeX Graphics (DPC,SPQR)

(/usr/share/texlive/texmf-dist/tex/latex/graphics/trig.sty
Package: trig 1999/03/16 v1.09 sin cos tan (DPC)
)
(/usr/share/texlive/texmf-dist/tex/latex/latexconfig/graphics.cfg
File: graphics.cfg 2010/04/23 v1.9 graphics configuration of TeX Live
)
Package graphics Info: Driver file: pdftex.def on input line 91.

(/usr/share/texlive/texmf-dist/tex/latex/pdftex-def/pdftex.def
File: pdftex.def 2011/05/27 v0.06d Graphics/color for pdfTeX
\Gread@gobject=\count106
))
\Gin@req@height=\dimen106
\Gin@req@width=\dimen107
)
(./user_guide.aux)
\openout1 = `user_guide.aux'.

LaTeX Font Info:    Checking defaults for OML/cmm/m/it on input line 28.
LaTeX Font Info:    ... okay on input line 28.
LaTeX Font Info:    Checking defaults for T1/cmr/m/n on input line 28.
LaTeX Font Info:    ... okay on input line 28.
LaTeX Font Info:    Checking defaults for OT1/cmr/m/n on input line 28.
LaTeX Font Info:    ... okay on input line 28.
LaTeX Font Info:    Checking defaults for OMS/cmsy/m/n on input line 28.
LaTeX Font Info:    ... okay on input line 28.
LaTeX Font Info:    Checking defaults for OMX/cmex/m/n on input line 28.
LaTeX Font Info:    ... okay on input line 28.
LaTeX Font Info:    Checking defaults for U/cmr/m/n on input line 28.
LaTeX Font Info:    ... okay on input line 28.
LaTeX Font Info:    Checking defaults for PD1/pdf/m/n on input line 28.
LaTeX Font Info:    ... okay on input line 28.
\AtBeginShipoutBox=\box26
Package hyperref Info: Link coloring OFF on input line 28.

(/usr/share/texlive/texmf-dist/tex/latex/hyperref/nameref.sty
Package: nameref 2010/04/30 v2.40 Cross-referencing by name of section

(/usr/share/texlive/texmf-dist/tex/generic/oberdiek/gettitlestring.sty
Package: gettitlestring 2010/12/03 v1.4 Cleanup title references (HO)
)
\c@section@level=\count107
)
LaTeX Info: Redefining \ref on input line 28.
LaTeX Info: Redefining \pageref on input line 28.
LaTeX Info: Redefining \nameref on input line 28.

(./user_guide.out) (./user_guide.out)
\@outlinefile=\write4
\openout4 = `user_guide.out'.


(/usr/share/texlive/texmf-dist/tex/context/base/supp-pdf.mkii
[Loading MPS to PDF converter (version 2006.09.02).]
\scratchcounter=\count108
\scratchdimen=\dimen108
\scratchbox=\box27
\nofMPsegments=\count109
\nofMParguments=\count110
\everyMPshowfont=\toks15
\MPscratchCnt=\count111
\MPscratchDim=\dimen109
\MPnumerator=\count112
\makeMPintoPDFobject=\count113
\everyMPtoPDFconversion=\toks16
) (/usr/share/texlive/texmf-dist/tex/latex/oberdiek/epstopdf-base.sty
Package: epstopdf-base 2010/02/09 v2.5 Base part for package epstopdf

(/usr/share/texlive/texmf-dist/tex/latex/oberdiek/grfext.sty
Package: grfext 2010/08/19 v1.1 Manage graphics extensions (HO)
)
Package grfext Info: Graphics extension search list:
(grfext)             [.png,.pdf,.jpg,.mps,.jpeg,.jbig2,.jb2,.PNG,.PDF,.JPG,.JPE
G,.JBIG2,.JB2,.eps]
(grfext)             \AppendGraphicsExtensions on input line 452.

(/usr/share/texlive/texmf-dist/tex/latex/latexconfig/epstopdf-sys.cfg
File: epstopdf-sys.cfg 2010/07/13 v1.3 Configuration of (r)epstopdf for TeX Liv
e
))
<../../Doc/quantum_espresso.pdf, id=96, 532.99126pt x 181.67876pt>
File: ../../Doc/quantum_espresso.pdf Graphic file (type pdf)

<use ../../Doc/quantum_espresso.pdf>
Package pdftex.def Info: ../../Doc/quantum_espresso.pdf used on input line 61.
(pdftex.def)             Requested size: 142.26378pt x 48.49115pt.

<../../Doc/democritos.pdf, id=97, 262.9825pt x 76.285pt>
File: ../../Doc/democritos.pdf Graphic file (type pdf)

<use ../../Doc/democritos.pdf>
Package pdftex.def Info: ../../Doc/democritos.pdf used on input line 61.
(pdftex.def)             Requested size: 170.71652pt x 49.52296pt.
LaTeX Font Info:    External font `cmex10' loaded for size
(Font)              <14.4> on input line 61.
LaTeX Font Info:    External font `cmex10' loaded for size
(Font)              <7> on input line 61.
 (./user_guide.toc
LaTeX Font Info:    External font `cmex10' loaded for size
(Font)              <12> on input line 2.
LaTeX Font Info:    External font `cmex10' loaded for size
(Font)              <8> on input line 2.
LaTeX Font Info:    External font `cmex10' loaded for size
(Font)              <6> on input line 2.
LaTeX Font Info:    Font shape `OT1/cmtt/bx/n' in size <12> not available
(Font)              Font shape `OT1/cmtt/m/n' tried instead on input line 6.
)
\tf@toc=\write5
\openout5 = `user_guide.toc'.

 [1

{/var/lib/texmf/fonts/map/pdftex/updmap/pdftex.map} <../../Doc/quantum_espresso
.pdf> <../../Doc/democritos.pdf>]
LaTeX Font Info:    Font shape `OT1/cmtt/bx/n' in size <14.4> not available
(Font)              Font shape `OT1/cmtt/m/n' tried instead on input line 86.
LaTeX Font Info:    Try loading font information for OMS+cmr on input line 94.
 (/usr/share/texlive/texmf-dist/tex/latex/base/omscmr.fd
File: omscmr.fd 1999/05/25 v2.5h Standard LaTeX font definitions
)
LaTeX Font Info:    Font shape `OMS/cmr/m/n' in size <12> not available
(Font)              Font shape `OMS/cmsy/m/n' tried instead on input line 94.
 [2]
Overfull \hbox (0.12177pt too wide) in paragraph at lines 158--162
[]\OT1/cmr/m/n/12 Minoru Otani (AIST), Yoshio Miura (To-hoku U.), Nicephore Bon
et (MIT), Nicola Marzari
 []

[3] [4] [5]
LaTeX Font Info:    Font shape `OT1/cmtt/bx/n' in size <17.28> not available
(Font)              Font shape `OT1/cmtt/m/n' tried instead on input line 250.

Overfull \hbox (17.24237pt too wide) in paragraph at lines 252--257
\OT1/cmr/m/n/12 by An-ton Kokalj, in-cluded in the \OT1/cmr/m/sc/12 Quan-tum ES
PRESSO \OT1/cmr/m/n/12 dis-tri-bu-tion. See \OT1/cmtt/m/n/12 PWgui-x.y.z/INSTAL
L
 []


Underfull \hbox (badness 10000) in paragraph at lines 314--319

 []

[6]
Overfull \hbox (11.05257pt too wide) in paragraph at lines 338--347
\OT1/cmtt/m/n/12 prefix='pwscf'\OT1/cmr/m/n/12 ). \OT1/cmtt/m/n/12 outdir \OT1/
cmr/m/n/12 can be spec-i-fied as well in en-vi-ron-ment vari-able ESPRESSO[]TMP
DIR.
 []

[7]
Overfull \hbox (12.58179pt too wide) in paragraph at lines 442--445
 []\OT1/cmr/bx/n/12 Dispersion in-ter-ac-tion with non-local func-tional (vdW-D
F)[] \OT1/cmr/m/n/12 See ex-am-ple \OT1/cmtt/m/n/12 vdwDF[]example
 []

[8]
Overfull \hbox (12.57196pt too wide) in paragraph at lines 464--469
\OT1/cmr/m/n/12 137205 (2005)] for in-su-la-tors. The cal-cu-la-tion is per-for
med by set-ting in-put vari-able \OT1/cmtt/m/n/12 lorbm=.true.
 []


Overfull \hbox (4.4081pt too wide) in paragraph at lines 500--515
 []\OT1/cmr/bx/n/12 Variable-cell op-ti-miza-tion[] \OT1/cmr/m/n/12 Since v.4.2
 the newer BFGS al-go-rithm cov-ers the case of variable-
 []

[9] [10] [11] [12]

LaTeX Warning: Reference `SubSec:para' on page 13 undefined on input line 755.

[13]
Overfull \hbox (21.37143pt too wide) in paragraph at lines 808--816
\OT1/cmr/m/n/12 on the avail-able com-mu-ni-ca-tion hard-ware. For PC clus-ters
, Open-MPI (\OT1/cmtt/m/n/12 http://www.openmpi.org/\OT1/cmr/m/n/12 )
 []

[14] [15] [16]
Overfull \hbox (28.98045pt too wide) in paragraph at lines 993--994
\OT1/cmr/m/n/12 In or-der to com-pile signal-trapping add [] to []
 []

[17]
Underfull \hbox (badness 10000) in paragraph at lines 1011--1015

 []


LaTeX Warning: Reference `SubSec:para' on page 18 undefined on input line 1050.


[18] [19]
Overfull \hbox (55.83171pt too wide) in paragraph at lines 1148--1152
[]\OT1/cmr/m/n/12 Reduce the work space for David-son di-ag-o-nal-iza-tion to t
he min-i-mum by set-ting \OT1/cmtt/m/n/12 diago[]david[]ndim=2\OT1/cmr/m/n/12 ;

 []

[20] [21] [22] [23] [24]
Overfull \hbox (29.32014pt too wide) in paragraph at lines 1461--1463
[]\OT1/cmr/m/n/12 use a symmetry-conserving al-go-rithm: the Wentz-cov-itch al-
go-rithm (\OT1/cmtt/m/n/12 cell dynamics='damp-w'\OT1/cmr/m/n/12 )
 []


Overfull \hbox (96.75345pt too wide) in paragraph at lines 1476--1476
[]\OT1/cmtt/m/n/12 #define snew(ptr,nelem) (ptr)= (nelem==0 ? NULL : (typeof(pt
r)) calloc(nelem, sizeof(*(ptr))))[] 
 []


Overfull \hbox (22.65341pt too wide) in paragraph at lines 1476--1476
[]\OT1/cmtt/m/n/12 #define srenew(ptr,nelem) (ptr)= (typeof(ptr)) realloc(ptr,(
nelem)*sizeof(*(ptr)))[] 
 []


Overfull \hbox (59.70343pt too wide) in paragraph at lines 1481--1481
[]\OT1/cmtt/m/n/12 #define snew(ptr,nelem) (ptr)= (nelem==0 ? NULL : (void*) ca
lloc(nelem, sizeof(*(ptr))))[] 
 []

[25]
Overfull \hbox (41.17842pt too wide) in paragraph at lines 1494--1494
[]\OT1/cmtt/m/n/12 void meta_force_calculation_(real *cell, int *istep, real *x
xx, real *yyy, real *zzz,[] 
 []


Overfull \hbox (35.00342pt too wide) in paragraph at lines 1498--1498
[]\OT1/cmtt/m/n/12 void meta_force_calculation(real *cell, int *istep, real *xx
x, real *yyy, real *zzz,[] 
 []

Package atveryend Info: Empty hook `BeforeClearDocument' on input line 1505.
[26]
Package atveryend Info: Empty hook `AfterLastShipout' on input line 1505.
 (./user_guide.aux)
Package atveryend Info: Executing hook `AtVeryEndDocument' on input line 1505.
Package atveryend Info: Executing hook `AtEndAfterFileList' on input line 1505.

Package rerunfilecheck Info: File `user_guide.out' has not changed.
(rerunfilecheck)             Checksum: 180DBABAB30DB351DDC4A00AE19085F0;1519.


LaTeX Warning: There were undefined references.


LaTeX Warning: Label(s) may have changed. Rerun to get cross-references right.

Package atveryend Info: Empty hook `AtVeryVeryEnd' on input line 1505.
 ) 
Here is how much of TeX's memory you used:
 5405 strings out of 495048
 78933 string characters out of 3181554
 161045 words of memory out of 3000000
 8466 multiletter control sequences out of 15000+200000
 10790 words of font info for 39 fonts, out of 3000000 for 9000
 14 hyphenation exceptions out of 8191
 36i,6n,28p,362b,441s stack positions out of 5000i,500n,10000p,200000b,50000s
</usr/share/texlive/texmf-dist/fonts/type1/public/amsfonts/cm/cmbx12.pfb></us
r/share/texlive/texmf-dist/fonts/type1/public/amsfonts/cm/cmbxti10.pfb></usr/sh
are/texlive/texmf-dist/fonts/type1/public/amsfonts/cm/cmcsc10.pfb></usr/share/t
exlive/texmf-dist/fonts/type1/public/amsfonts/cm/cmex10.pfb></usr/share/texlive
/texmf-dist/fonts/type1/public/amsfonts/cm/cmmi12.pfb></usr/share/texlive/texmf
-dist/fonts/type1/public/amsfonts/cm/cmmi8.pfb></usr/share/texlive/texmf-dist/f
onts/type1/public/amsfonts/cm/cmr12.pfb></usr/share/texlive/texmf-dist/fonts/ty
pe1/public/amsfonts/cm/cmr17.pfb></usr/share/texlive/texmf-dist/fonts/type1/pub
lic/amsfonts/cm/cmr8.pfb></usr/share/texlive/texmf-dist/fonts/type1/public/amsf
onts/cm/cmsy10.pfb></usr/share/texlive/texmf-dist/fonts/type1/public/amsfonts/c
m/cmsy8.pfb></usr/share/texlive/texmf-dist/fonts/type1/public/amsfonts/cm/cmti1
2.pfb></usr/share/texlive/texmf-dist/fonts/type1/public/amsfonts/cm/cmtt12.pfb>

Output written on user_guide.pdf (26 pages, 298394 bytes).
PDF statistics:
 380 PDF objects out of 1000 (max. 8388607)
 329 compressed objects within 4 object streams
 105 named destinations out of 1000 (max. 500000)
 195 words of extra memory for PDF output out of 10000 (max. 10000000)

