This file contains any messages produced by compilers while
running configure, to aid debugging if configure makes a mistake.

It was created by ESPRESSO configure 5.0.1, which was
generated by GNU Autoconf 2.65.  Invocation command line was

  $ ./install/configure 

## --------- ##
## Platform. ##
## --------- ##

hostname = paperone.cm.sissa.it
uname -m = x86_64
uname -r = 2.6.18-308.13.1.el5
uname -s = Linux
uname -v = #1 SMP Tue Aug 21 17:10:18 EDT 2012

/usr/bin/uname -p = unknown
/bin/uname -X     = unknown

/bin/arch              = x86_64
/usr/bin/arch -k       = unknown
/usr/convex/getsysinfo = unknown
/usr/bin/hostinfo      = unknown
/bin/machine           = unknown
/usr/bin/oslevel       = unknown
/bin/universe          = unknown

PATH: /u/shared/programs/x86_64/openmpi/1.4.2_i11.1/bin
PATH: /u/shared/programs/x86_64/idb/11.1.064/bin/intel64
PATH: /u/shared/programs/x86_64/ifort/11.1.064/bin/intel64
PATH: /u/shared/programs/x86_64/icc/11.1.064/bin/intel64
PATH: /usr/lib64/qt-3.3/bin
PATH: /usr/kerberos/bin
PATH: /usr/local/bin
PATH: /usr/bin
PATH: /bin
PATH: /usr/X11R6/bin
PATH: /opt/real/RealPlayer
PATH: /u/cm/marsamos/git-1.7.3.4/bin/bin
PATH: /u/cm/marsamos/bin
PATH: /opt/real/RealPlayer
PATH: /u/cm/marsamos/git-1.7.3.4/bin/bin


## ----------- ##
## Core tests. ##
## ----------- ##

configure:2671: checking build system type
configure:2685: result: x86_64-unknown-linux-gnu
configure:2896: checking for ifort
configure:2912: found /u/shared/programs/x86_64/ifort/11.1.064/bin/intel64/ifort
configure:2923: result: ifort
configure:2939: WARNING: using cross tools not prefixed with host triplet
configure:2949: checking for Fortran compiler version
configure:2958: ifort --version >&5
ifort (IFORT) 11.1 20091130
Copyright (C) 1985-2009 Intel Corporation.  All rights reserved.

configure:2969: $? = 0
configure:2958: ifort -v >&5
Version 11.1 
configure:2969: $? = 0
configure:2958: ifort -V >&5
Intel(R) Fortran Intel(R) 64 Compiler Professional for applications running on Intel(R) 64, Version 11.1    Build 20091130 Package ID: l_cprof_p_11.1.064
Copyright (C) 1985-2009 Intel Corporation.  All rights reserved.
FOR NON-COMMERCIAL USE ONLY

configure:2969: $? = 0
configure:2958: ifort -qversion >&5
ifort: command line warning #10006: ignoring unknown option '-qversion'
ifort: command line error: no files specified; for help type "ifort -help"
configure:2969: $? = 1
configure:2984: checking whether the Fortran compiler works
configure:3006: ifort    conftest.f  >&5
configure:3010: $? = 0
configure:3059: result: yes
configure:3062: checking for Fortran compiler default output file name
configure:3064: result: a.out
configure:3070: checking for suffix of executables
configure:3077: ifort -o conftest    conftest.f  >&5
configure:3081: $? = 0
configure:3103: result: 
configure:3119: checking whether we are cross compiling
configure:3157: result: yes
configure:3162: checking for suffix of object files
configure:3178: ifort -c   conftest.f >&5
configure:3182: $? = 0
configure:3203: result: o
configure:3211: checking whether we are using the GNU Fortran compiler
configure:3224: ifort -c   conftest.F >&5
conftest.F(3): error #5082: Syntax error, found END-OF-STATEMENT when expecting one of: ( % : . = =>
       choke me
---------------^
conftest.F(3): error #6218: This statement is positioned incorrectly and/or has syntax errors.
       choke me
---------------^
compilation aborted for conftest.F (code 1)
configure:3224: $? = 1
configure: failed program was:
|       program main
| #ifndef __GNUC__
|        choke me
| #endif
| 
|       end
configure:3233: result: no
configure:3239: checking whether ifort accepts -g
configure:3250: ifort -c -g  conftest.f >&5
configure:3250: $? = 0
configure:3258: result: yes
configure:3288: checking for Fortran flag to compile .f90 files
configure:3304: ifort -c -g  conftest.f90 >&5
configure:3304: $? = 0
configure:3313: result: none
configure:3398: checking for mpif90
configure:3414: found /u/shared/programs/x86_64/openmpi/1.4.2_i11.1/bin/mpif90
configure:3425: result: mpif90
configure:3451: checking for Fortran compiler version
configure:3460: mpif90 --version >&5
ifort (IFORT) 11.1 20091130
Copyright (C) 1985-2009 Intel Corporation.  All rights reserved.

configure:3471: $? = 0
configure:3460: mpif90 -v >&5
Version 11.1 
configure:3471: $? = 0
configure:3460: mpif90 -V >&5
Intel(R) Fortran Intel(R) 64 Compiler Professional for applications running on Intel(R) 64, Version 11.1    Build 20091130 Package ID: l_cprof_p_11.1.064
Copyright (C) 1985-2009 Intel Corporation.  All rights reserved.
FOR NON-COMMERCIAL USE ONLY

configure:3471: $? = 0
configure:3460: mpif90 -qversion >&5
ifort: command line warning #10006: ignoring unknown option '-qversion'
ifort: command line error: no files specified; for help type "ifort -help"
configure:3471: $? = 1
configure:3480: checking whether we are using the GNU Fortran compiler
configure:3493: mpif90 -c -g  conftest.F >&5
conftest.F(3): error #5082: Syntax error, found END-OF-STATEMENT when expecting one of: ( % : . = =>
       choke me
---------------^
conftest.F(3): error #6218: This statement is positioned incorrectly and/or has syntax errors.
       choke me
---------------^
compilation aborted for conftest.F (code 1)
configure:3493: $? = 1
configure: failed program was:
|       program main
| #ifndef __GNUC__
|        choke me
| #endif
| 
|       end
configure:3502: result: no
configure:3508: checking whether mpif90 accepts -g
configure:3519: mpif90 -c -g  conftest.f90 >&5
configure:3519: $? = 0
configure:3527: result: yes
configure:4000: checking for icc
configure:4016: found /u/shared/programs/x86_64/icc/11.1.064/bin/intel64/icc
configure:4027: result: icc
configure:4058: checking for C compiler version
configure:4067: icc --version >&5
icc (ICC) 11.1 20091130
Copyright (C) 1985-2009 Intel Corporation.  All rights reserved.

configure:4078: $? = 0
configure:4067: icc -v >&5
Version 11.1 
configure:4078: $? = 0
configure:4067: icc -V >&5
Intel(R) C Intel(R) 64 Compiler Professional for applications running on Intel(R) 64, Version 11.1    Build 20091130 Package ID: l_cproc_p_11.1.064
Copyright (C) 1985-2009 Intel Corporation.  All rights reserved.
FOR NON-COMMERCIAL USE ONLY

configure:4078: $? = 0
configure:4067: icc -qversion >&5
icc: command line warning #10006: ignoring unknown option '-qversion'
icc: command line error: no files specified; for help type "icc -help"
configure:4078: $? = 1
configure:4082: checking whether we are using the GNU C compiler
configure:4101: icc -c   conftest.c >&5
configure:4101: $? = 0
configure:4110: result: yes
configure:4119: checking whether icc accepts -g
configure:4139: icc -c -g  conftest.c >&5
configure:4139: $? = 0
configure:4180: result: yes
configure:4197: checking for icc option to accept ISO C89
configure:4261: icc  -c -g -O2  conftest.c >&5
configure:4261: $? = 0
configure:4274: result: none needed
configure:4307: checking how to run the C preprocessor
configure:4338: icc -E  conftest.c
configure:4338: $? = 0
configure:4352: icc -E  conftest.c
conftest.c(9): error #5: could not open source file "ac_nonexistent.h"
  #include <ac_nonexistent.h>
                             ^

configure:4352: $? = 2
configure: failed program was:
| /* confdefs.h */
| #define PACKAGE_NAME "ESPRESSO"
| #define PACKAGE_TARNAME "espresso"
| #define PACKAGE_VERSION "5.0.1"
| #define PACKAGE_STRING "ESPRESSO 5.0.1"
| #define PACKAGE_BUGREPORT ""
| #define PACKAGE_URL ""
| /* end confdefs.h.  */
| #include <ac_nonexistent.h>
configure:4377: result: icc -E
configure:4397: icc -E  conftest.c
configure:4397: $? = 0
configure:4411: icc -E  conftest.c
conftest.c(9): error #5: could not open source file "ac_nonexistent.h"
  #include <ac_nonexistent.h>
                             ^

configure:4411: $? = 2
configure: failed program was:
| /* confdefs.h */
| #define PACKAGE_NAME "ESPRESSO"
| #define PACKAGE_TARNAME "espresso"
| #define PACKAGE_VERSION "5.0.1"
| #define PACKAGE_STRING "ESPRESSO 5.0.1"
| #define PACKAGE_BUGREPORT ""
| #define PACKAGE_URL ""
| /* end confdefs.h.  */
| #include <ac_nonexistent.h>
configure:4440: checking for grep that handles long lines and -e
configure:4498: result: /bin/grep
configure:4503: checking for egrep
configure:4565: result: /bin/grep -E
configure:4570: checking for ANSI C header files
configure:4590: icc -c -g -O2  conftest.c >&5
configure:4590: $? = 0
configure:4674: result: yes
configure:4687: checking for sys/types.h
configure:4687: icc -c -g -O2  conftest.c >&5
configure:4687: $? = 0
configure:4687: result: yes
configure:4687: checking for sys/stat.h
configure:4687: icc -c -g -O2  conftest.c >&5
configure:4687: $? = 0
configure:4687: result: yes
configure:4687: checking for stdlib.h
configure:4687: icc -c -g -O2  conftest.c >&5
configure:4687: $? = 0
configure:4687: result: yes
configure:4687: checking for string.h
configure:4687: icc -c -g -O2  conftest.c >&5
configure:4687: $? = 0
configure:4687: result: yes
configure:4687: checking for memory.h
configure:4687: icc -c -g -O2  conftest.c >&5
configure:4687: $? = 0
configure:4687: result: yes
configure:4687: checking for strings.h
configure:4687: icc -c -g -O2  conftest.c >&5
configure:4687: $? = 0
configure:4687: result: yes
configure:4687: checking for inttypes.h
configure:4687: icc -c -g -O2  conftest.c >&5
configure:4687: $? = 0
configure:4687: result: yes
configure:4687: checking for stdint.h
configure:4687: icc -c -g -O2  conftest.c >&5
configure:4687: $? = 0
configure:4687: result: yes
configure:4687: checking for unistd.h
configure:4687: icc -c -g -O2  conftest.c >&5
configure:4687: $? = 0
configure:4687: result: yes
configure:4704: checking size of int *
configure:4709: icc -c -g -O2  conftest.c >&5
configure:4709: $? = 0
configure:4709: icc -c -g -O2  conftest.c >&5
conftest.c(55): error: the size of an array must be greater than zero
  static int test_array [1 - 2 * !(((long int) (sizeof (int *))) <= 0)];
                         ^

compilation aborted for conftest.c (code 2)
configure:4709: $? = 2
configure: failed program was:
| /* confdefs.h */
| #define PACKAGE_NAME "ESPRESSO"
| #define PACKAGE_TARNAME "espresso"
| #define PACKAGE_VERSION "5.0.1"
| #define PACKAGE_STRING "ESPRESSO 5.0.1"
| #define PACKAGE_BUGREPORT ""
| #define PACKAGE_URL ""
| #define STDC_HEADERS 1
| #define HAVE_SYS_TYPES_H 1
| #define HAVE_SYS_STAT_H 1
| #define HAVE_STDLIB_H 1
| #define HAVE_STRING_H 1
| #define HAVE_MEMORY_H 1
| #define HAVE_STRINGS_H 1
| #define HAVE_INTTYPES_H 1
| #define HAVE_STDINT_H 1
| #define HAVE_UNISTD_H 1
| /* end confdefs.h.  */
| #include <stdio.h>
| #ifdef HAVE_SYS_TYPES_H
| # include <sys/types.h>
| #endif
| #ifdef HAVE_SYS_STAT_H
| # include <sys/stat.h>
| #endif
| #ifdef STDC_HEADERS
| # include <stdlib.h>
| # include <stddef.h>
| #else
| # ifdef HAVE_STDLIB_H
| #  include <stdlib.h>
| # endif
| #endif
| #ifdef HAVE_STRING_H
| # if !defined STDC_HEADERS && defined HAVE_MEMORY_H
| #  include <memory.h>
| # endif
| # include <string.h>
| #endif
| #ifdef HAVE_STRINGS_H
| # include <strings.h>
| #endif
| #ifdef HAVE_INTTYPES_H
| # include <inttypes.h>
| #endif
| #ifdef HAVE_STDINT_H
| # include <stdint.h>
| #endif
| #ifdef HAVE_UNISTD_H
| # include <unistd.h>
| #endif
| int
| main ()
| {
| static int test_array [1 - 2 * !(((long int) (sizeof (int *))) <= 0)];
| test_array [0] = 0
| 
|   ;
|   return 0;
| }
configure:4709: icc -c -g -O2  conftest.c >&5
conftest.c(55): error: the size of an array must be greater than zero
  static int test_array [1 - 2 * !(((long int) (sizeof (int *))) <= 1)];
                         ^

compilation aborted for conftest.c (code 2)
configure:4709: $? = 2
configure: failed program was:
| /* confdefs.h */
| #define PACKAGE_NAME "ESPRESSO"
| #define PACKAGE_TARNAME "espresso"
| #define PACKAGE_VERSION "5.0.1"
| #define PACKAGE_STRING "ESPRESSO 5.0.1"
| #define PACKAGE_BUGREPORT ""
| #define PACKAGE_URL ""
| #define STDC_HEADERS 1
| #define HAVE_SYS_TYPES_H 1
| #define HAVE_SYS_STAT_H 1
| #define HAVE_STDLIB_H 1
| #define HAVE_STRING_H 1
| #define HAVE_MEMORY_H 1
| #define HAVE_STRINGS_H 1
| #define HAVE_INTTYPES_H 1
| #define HAVE_STDINT_H 1
| #define HAVE_UNISTD_H 1
| /* end confdefs.h.  */
| #include <stdio.h>
| #ifdef HAVE_SYS_TYPES_H
| # include <sys/types.h>
| #endif
| #ifdef HAVE_SYS_STAT_H
| # include <sys/stat.h>
| #endif
| #ifdef STDC_HEADERS
| # include <stdlib.h>
| # include <stddef.h>
| #else
| # ifdef HAVE_STDLIB_H
| #  include <stdlib.h>
| # endif
| #endif
| #ifdef HAVE_STRING_H
| # if !defined STDC_HEADERS && defined HAVE_MEMORY_H
| #  include <memory.h>
| # endif
| # include <string.h>
| #endif
| #ifdef HAVE_STRINGS_H
| # include <strings.h>
| #endif
| #ifdef HAVE_INTTYPES_H
| # include <inttypes.h>
| #endif
| #ifdef HAVE_STDINT_H
| # include <stdint.h>
| #endif
| #ifdef HAVE_UNISTD_H
| # include <unistd.h>
| #endif
| int
| main ()
| {
| static int test_array [1 - 2 * !(((long int) (sizeof (int *))) <= 1)];
| test_array [0] = 0
| 
|   ;
|   return 0;
| }
configure:4709: icc -c -g -O2  conftest.c >&5
conftest.c(55): error: the size of an array must be greater than zero
  static int test_array [1 - 2 * !(((long int) (sizeof (int *))) <= 3)];
                         ^

compilation aborted for conftest.c (code 2)
configure:4709: $? = 2
configure: failed program was:
| /* confdefs.h */
| #define PACKAGE_NAME "ESPRESSO"
| #define PACKAGE_TARNAME "espresso"
| #define PACKAGE_VERSION "5.0.1"
| #define PACKAGE_STRING "ESPRESSO 5.0.1"
| #define PACKAGE_BUGREPORT ""
| #define PACKAGE_URL ""
| #define STDC_HEADERS 1
| #define HAVE_SYS_TYPES_H 1
| #define HAVE_SYS_STAT_H 1
| #define HAVE_STDLIB_H 1
| #define HAVE_STRING_H 1
| #define HAVE_MEMORY_H 1
| #define HAVE_STRINGS_H 1
| #define HAVE_INTTYPES_H 1
| #define HAVE_STDINT_H 1
| #define HAVE_UNISTD_H 1
| /* end confdefs.h.  */
| #include <stdio.h>
| #ifdef HAVE_SYS_TYPES_H
| # include <sys/types.h>
| #endif
| #ifdef HAVE_SYS_STAT_H
| # include <sys/stat.h>
| #endif
| #ifdef STDC_HEADERS
| # include <stdlib.h>
| # include <stddef.h>
| #else
| # ifdef HAVE_STDLIB_H
| #  include <stdlib.h>
| # endif
| #endif
| #ifdef HAVE_STRING_H
| # if !defined STDC_HEADERS && defined HAVE_MEMORY_H
| #  include <memory.h>
| # endif
| # include <string.h>
| #endif
| #ifdef HAVE_STRINGS_H
| # include <strings.h>
| #endif
| #ifdef HAVE_INTTYPES_H
| # include <inttypes.h>
| #endif
| #ifdef HAVE_STDINT_H
| # include <stdint.h>
| #endif
| #ifdef HAVE_UNISTD_H
| # include <unistd.h>
| #endif
| int
| main ()
| {
| static int test_array [1 - 2 * !(((long int) (sizeof (int *))) <= 3)];
| test_array [0] = 0
| 
|   ;
|   return 0;
| }
configure:4709: icc -c -g -O2  conftest.c >&5
conftest.c(55): error: the size of an array must be greater than zero
  static int test_array [1 - 2 * !(((long int) (sizeof (int *))) <= 7)];
                         ^

compilation aborted for conftest.c (code 2)
configure:4709: $? = 2
configure: failed program was:
| /* confdefs.h */
| #define PACKAGE_NAME "ESPRESSO"
| #define PACKAGE_TARNAME "espresso"
| #define PACKAGE_VERSION "5.0.1"
| #define PACKAGE_STRING "ESPRESSO 5.0.1"
| #define PACKAGE_BUGREPORT ""
| #define PACKAGE_URL ""
| #define STDC_HEADERS 1
| #define HAVE_SYS_TYPES_H 1
| #define HAVE_SYS_STAT_H 1
| #define HAVE_STDLIB_H 1
| #define HAVE_STRING_H 1
| #define HAVE_MEMORY_H 1
| #define HAVE_STRINGS_H 1
| #define HAVE_INTTYPES_H 1
| #define HAVE_STDINT_H 1
| #define HAVE_UNISTD_H 1
| /* end confdefs.h.  */
| #include <stdio.h>
| #ifdef HAVE_SYS_TYPES_H
| # include <sys/types.h>
| #endif
| #ifdef HAVE_SYS_STAT_H
| # include <sys/stat.h>
| #endif
| #ifdef STDC_HEADERS
| # include <stdlib.h>
| # include <stddef.h>
| #else
| # ifdef HAVE_STDLIB_H
| #  include <stdlib.h>
| # endif
| #endif
| #ifdef HAVE_STRING_H
| # if !defined STDC_HEADERS && defined HAVE_MEMORY_H
| #  include <memory.h>
| # endif
| # include <string.h>
| #endif
| #ifdef HAVE_STRINGS_H
| # include <strings.h>
| #endif
| #ifdef HAVE_INTTYPES_H
| # include <inttypes.h>
| #endif
| #ifdef HAVE_STDINT_H
| # include <stdint.h>
| #endif
| #ifdef HAVE_UNISTD_H
| # include <unistd.h>
| #endif
| int
| main ()
| {
| static int test_array [1 - 2 * !(((long int) (sizeof (int *))) <= 7)];
| test_array [0] = 0
| 
|   ;
|   return 0;
| }
configure:4709: icc -c -g -O2  conftest.c >&5
configure:4709: $? = 0
configure:4709: icc -c -g -O2  conftest.c >&5
configure:4709: $? = 0
configure:4709: icc -c -g -O2  conftest.c >&5
configure:4709: $? = 0
configure:4709: icc -c -g -O2  conftest.c >&5
configure:4709: $? = 0
configure:4724: result: 8
configure:4740: checking malloc.h usability
configure:4740: icc -c -g -O2  conftest.c >&5
configure:4740: $? = 0
configure:4740: result: yes
configure:4740: checking malloc.h presence
configure:4740: icc -E  conftest.c
configure:4740: $? = 0
configure:4740: result: yes
configure:4740: checking for malloc.h
configure:4740: result: yes
configure:4750: checking for struct mallinfo.arena
configure:4750: icc -c -g -O2  conftest.c >&5
configure:4750: $? = 0
configure:4750: result: yes
configure:4815: checking for ifort
configure:4831: found /u/shared/programs/x86_64/ifort/11.1.064/bin/intel64/ifort
configure:4842: result: ifort
configure:4868: checking for Fortran 77 compiler version
configure:4877: ifort --version >&5
ifort (IFORT) 11.1 20091130
Copyright (C) 1985-2009 Intel Corporation.  All rights reserved.

configure:4888: $? = 0
configure:4877: ifort -v >&5
Version 11.1 
configure:4888: $? = 0
configure:4877: ifort -V >&5
Intel(R) Fortran Intel(R) 64 Compiler Professional for applications running on Intel(R) 64, Version 11.1    Build 20091130 Package ID: l_cprof_p_11.1.064
Copyright (C) 1985-2009 Intel Corporation.  All rights reserved.
FOR NON-COMMERCIAL USE ONLY

configure:4888: $? = 0
configure:4877: ifort -qversion >&5
ifort: command line warning #10006: ignoring unknown option '-qversion'
ifort: command line error: no files specified; for help type "ifort -help"
configure:4888: $? = 1
configure:4897: checking whether we are using the GNU Fortran 77 compiler
configure:4910: ifort -c  conftest.F >&5
conftest.F(3): error #5082: Syntax error, found END-OF-STATEMENT when expecting one of: ( % : . = =>
       choke me
---------------^
conftest.F(3): error #6218: This statement is positioned incorrectly and/or has syntax errors.
       choke me
---------------^
compilation aborted for conftest.F (code 1)
configure:4910: $? = 1
configure: failed program was:
|       program main
| #ifndef __GNUC__
|        choke me
| #endif
| 
|       end
configure:4919: result: no
configure:4925: checking whether ifort accepts -g
configure:4936: ifort -c -g conftest.f >&5
configure:4936: $? = 0
configure:4944: result: yes
configure:5299: checking whether make sets $(MAKE)
configure:5321: result: yes
configure:5362: checking how to get verbose linking output from ifort
configure:5372: ifort -c -g conftest.f >&5
configure:5372: $? = 0
configure:5390: ifort -o conftest -g -v conftest.f
Version 11.1 
/u/shared/programs/x86_64/ifort/11.1.064/bin/intel64/fortcom    -D__INTEL_COMPILER=1110 -D_MT -D__ELF__ -D__INTEL_COMPILER_BUILD_DATE=20091130 -D__unix__ -D__unix -D__linux__ -D__linux -D__gnu_linux__ -Dunix -Dlinux -D__x86_64 -D__x86_64__ -mGLOB_pack_sort_init_list -I. -I/u/shared/programs/x86_64/ifort/11.1.064/include/intel64 -I/u/shared/programs/noarch/mkl/10.2.3.029/include -I/u/shared/programs/x86_64/ifort/11.1.064/include/intel64 -I/u/shared/programs/x86_64/ifort/11.1.064/include -I/usr/local/include -I/usr/include -I/usr/lib/gcc/x86_64-redhat-linux/4.1.2/include "-fp_modbits honor_f32_conversion" "-fp_modbits honor_f64_conversion" -O0 -g2 -mP1OPT_version=11.1-intel64 -mGLOB_diag_file=/tmp/ifortIvI2ne.diag -mGLOB_source_language=GLOB_SOURCE_LANGUAGE_F90 -mGLOB_tune_for_fort -mGLOB_use_fort_dope_vector -mP2OPT_static_promotion -mP1OPT_print_version=FALSE -mP3OPT_use_mspp_call_convention -mCG_use_gas_got_workaround=F -mP2OPT_align_option_used=TRUE "-mGLOB_options_string=-o conftest -g -v" -mGLOB_cxx_limited_range=FALSE -mP3OPT_emit_line_numbers -mP2OPT_suppress_unreferenced_locals=FALSE -mGLOB_debug_target=GLOB_DEBUG_TARGET_ALL -mGLOB_debug_format=GLOB_DEBUG_FORMAT_DWARF20 -mGLOB_as_output_backup_file_name=/tmp/ifortW2iEcLas_.s -mIPOPT_activate -mGLOB_machine_model=GLOB_MACHINE_MODEL_EFI2 -mGLOB_maintain_errno -mGLOB_noinline_intrinsics -mGLOB_use_base_pointer -mGLOB_extended_instructions=0x8 -mP2OPT_subs_out_of_bound=FALSE -mGLOB_ansi_alias -mIPOPT_ninl_limit=0 -mIPOPT_ninl_user_level=0 -mIPOPT_args_in_regs=0 -mIPOPT_args_in_regs=0 -mPGOPTI_value_profile_use=T -mP2OPT_gen_linux_const_pooling=FALSE -mGLOB_opt_level=0 -mIPOPT_obj_output_file_name=/tmp/ifortIvI2ne.o "-mGLOB_linker_version=2.17.50.0.6-20.el5_8.3 20061020" -mP3OPT_asm_target=P3OPT_ASM_TARGET_GAS -mGLOB_obj_output_file=/tmp/ifortIvI2ne.o -mGLOB_source_dialect=GLOB_SOURCE_DIALECT_FORTRAN -mP1OPT_source_file_name=conftest.f conftest.f
ld    /usr/lib/gcc/x86_64-redhat-linux/4.1.2/../../../../lib64/crt1.o /usr/lib/gcc/x86_64-redhat-linux/4.1.2/../../../../lib64/crti.o /usr/lib/gcc/x86_64-redhat-linux/4.1.2/crtbegin.o --eh-frame-hdr -dynamic-linker /lib64/ld-linux-x86-64.so.2 -o conftest /u/shared/programs/x86_64/ifort/11.1.064/lib/intel64/for_main.o /tmp/ifortIvI2ne.o -L/u/shared/programs/noarch/mkl/10.2.3.029/lib/em64t -L/u/shared/programs/noarch/tbb/2.2.012/tbb/ia32/cc4.1.0_libc2.4_kernel2.6.16.21/lib -L/u/shared/programs/x86_64/ipp/6.1.2.051/ipp/em64t/lib -L/u/shared/programs/x86_64/ifort/11.1.064/lib/intel64 -L/u/shared/programs/x86_64/icc/11.1.064/lib/intel64 -L/u/shared/programs/x86_64/ifort/11.1.064/lib/intel64 -L/u/shared/programs/noarch/mkl/10.2.3.029/lib/em64t -L/u/shared/programs/noarch/tbb/2.2.012/tbb/ia32/cc4.1.0_libc2.4_kernel2.6.16.21/lib -L/u/shared/programs/x86_64/ipp/6.1.2.051/ipp/em64t/lib -L/u/shared/programs/x86_64/ifort/11.1.064/lib/intel64 -L/u/shared/programs/x86_64/icc/11.1.064/lib/intel64 -L/usr/lib/gcc/x86_64-redhat-linux/4.1.2 -L/usr/lib/gcc/x86_64-redhat-linux/4.1.2/../../../../lib64 -L/usr/lib/gcc/x86_64-redhat-linux/4.1.2/../../.. -L/lib64 -L/lib -L/usr/lib64 -L/usr/lib -Bstatic -lifport -lifcore -limf -lsvml -Bdynamic -lm -Bstatic -lipgo -lirc -u __pthread_once -Bdynamic -lpthread -lc -lgcc_s -lgcc -Bstatic -lirc_s -Bdynamic -ldl -lc /usr/lib/gcc/x86_64-redhat-linux/4.1.2/crtend.o /usr/lib/gcc/x86_64-redhat-linux/4.1.2/../../../../lib64/crtn.o
rm /tmp/ifortonY4zHlibgcc

rm /tmp/ifortkrLSYsgnudirs

rm /tmp/ifortwXDdNZgas

rm /tmp/ifortW2iEcLas_.s

rm /tmp/ifort88t5Bwldashv

rm /tmp/ifortkaMW1harg

rm /tmp/iforttGgKu3gnudirs

rm /tmp/ifortIvI2ne.o
configure:5455: result: -v
configure:5457: checking for Fortran 77 libraries of ifort
configure:5480: ifort -o conftest -g -v conftest.f
Version 11.1 
/u/shared/programs/x86_64/ifort/11.1.064/bin/intel64/fortcom    -D__INTEL_COMPILER=1110 -D_MT -D__ELF__ -D__INTEL_COMPILER_BUILD_DATE=20091130 -D__unix__ -D__unix -D__linux__ -D__linux -D__gnu_linux__ -Dunix -Dlinux -D__x86_64 -D__x86_64__ -mGLOB_pack_sort_init_list -I. -I/u/shared/programs/x86_64/ifort/11.1.064/include/intel64 -I/u/shared/programs/noarch/mkl/10.2.3.029/include -I/u/shared/programs/x86_64/ifort/11.1.064/include/intel64 -I/u/shared/programs/x86_64/ifort/11.1.064/include -I/usr/local/include -I/usr/include -I/usr/lib/gcc/x86_64-redhat-linux/4.1.2/include "-fp_modbits honor_f32_conversion" "-fp_modbits honor_f64_conversion" -O0 -g2 -mP1OPT_version=11.1-intel64 -mGLOB_diag_file=/tmp/ifortlxFe1t.diag -mGLOB_source_language=GLOB_SOURCE_LANGUAGE_F90 -mGLOB_tune_for_fort -mGLOB_use_fort_dope_vector -mP2OPT_static_promotion -mP1OPT_print_version=FALSE -mP3OPT_use_mspp_call_convention -mCG_use_gas_got_workaround=F -mP2OPT_align_option_used=TRUE "-mGLOB_options_string=-o conftest -g -v" -mGLOB_cxx_limited_range=FALSE -mP3OPT_emit_line_numbers -mP2OPT_suppress_unreferenced_locals=FALSE -mGLOB_debug_target=GLOB_DEBUG_TARGET_ALL -mGLOB_debug_format=GLOB_DEBUG_FORMAT_DWARF20 -mGLOB_as_output_backup_file_name=/tmp/ifortRgj9T1as_.s -mIPOPT_activate -mGLOB_machine_model=GLOB_MACHINE_MODEL_EFI2 -mGLOB_maintain_errno -mGLOB_noinline_intrinsics -mGLOB_use_base_pointer -mGLOB_extended_instructions=0x8 -mP2OPT_subs_out_of_bound=FALSE -mGLOB_ansi_alias -mIPOPT_ninl_limit=0 -mIPOPT_ninl_user_level=0 -mIPOPT_args_in_regs=0 -mIPOPT_args_in_regs=0 -mPGOPTI_value_profile_use=T -mP2OPT_gen_linux_const_pooling=FALSE -mGLOB_opt_level=0 -mIPOPT_obj_output_file_name=/tmp/ifortlxFe1t.o "-mGLOB_linker_version=2.17.50.0.6-20.el5_8.3 20061020" -mP3OPT_asm_target=P3OPT_ASM_TARGET_GAS -mGLOB_obj_output_file=/tmp/ifortlxFe1t.o -mGLOB_source_dialect=GLOB_SOURCE_DIALECT_FORTRAN -mP1OPT_source_file_name=conftest.f conftest.f
ld    /usr/lib/gcc/x86_64-redhat-linux/4.1.2/../../../../lib64/crt1.o /usr/lib/gcc/x86_64-redhat-linux/4.1.2/../../../../lib64/crti.o /usr/lib/gcc/x86_64-redhat-linux/4.1.2/crtbegin.o --eh-frame-hdr -dynamic-linker /lib64/ld-linux-x86-64.so.2 -o conftest /u/shared/programs/x86_64/ifort/11.1.064/lib/intel64/for_main.o /tmp/ifortlxFe1t.o -L/u/shared/programs/noarch/mkl/10.2.3.029/lib/em64t -L/u/shared/programs/noarch/tbb/2.2.012/tbb/ia32/cc4.1.0_libc2.4_kernel2.6.16.21/lib -L/u/shared/programs/x86_64/ipp/6.1.2.051/ipp/em64t/lib -L/u/shared/programs/x86_64/ifort/11.1.064/lib/intel64 -L/u/shared/programs/x86_64/icc/11.1.064/lib/intel64 -L/u/shared/programs/x86_64/ifort/11.1.064/lib/intel64 -L/u/shared/programs/noarch/mkl/10.2.3.029/lib/em64t -L/u/shared/programs/noarch/tbb/2.2.012/tbb/ia32/cc4.1.0_libc2.4_kernel2.6.16.21/lib -L/u/shared/programs/x86_64/ipp/6.1.2.051/ipp/em64t/lib -L/u/shared/programs/x86_64/ifort/11.1.064/lib/intel64 -L/u/shared/programs/x86_64/icc/11.1.064/lib/intel64 -L/usr/lib/gcc/x86_64-redhat-linux/4.1.2 -L/usr/lib/gcc/x86_64-redhat-linux/4.1.2/../../../../lib64 -L/usr/lib/gcc/x86_64-redhat-linux/4.1.2/../../.. -L/lib64 -L/lib -L/usr/lib64 -L/usr/lib -Bstatic -lifport -lifcore -limf -lsvml -Bdynamic -lm -Bstatic -lipgo -lirc -u __pthread_once -Bdynamic -lpthread -lc -lgcc_s -lgcc -Bstatic -lirc_s -Bdynamic -ldl -lc /usr/lib/gcc/x86_64-redhat-linux/4.1.2/crtend.o /usr/lib/gcc/x86_64-redhat-linux/4.1.2/../../../../lib64/crtn.o
rm /tmp/ifort3OUX8Vlibgcc

rm /tmp/ifortr7jV4Hgnudirs

rm /tmp/ifortChazXfgas

rm /tmp/ifortRgj9T1as_.s

rm /tmp/ifortWFUJQNldashv

rm /tmp/ifortQsRRNzarg

rm /tmp/iforticWVNlgnudirs

rm /tmp/ifortlxFe1t.o
configure:5654: result:  -L/u/shared/programs/noarch/mkl/10.2.3.029/lib/em64t -L/u/shared/programs/noarch/tbb/2.2.012/tbb/ia32/cc4.1.0_libc2.4_kernel2.6.16.21/lib -L/u/shared/programs/x86_64/ipp/6.1.2.051/ipp/em64t/lib -L/u/shared/programs/x86_64/ifort/11.1.064/lib/intel64 -L/u/shared/programs/x86_64/icc/11.1.064/lib/intel64 -L/usr/lib/gcc/x86_64-redhat-linux/4.1.2 -L/usr/lib/gcc/x86_64-redhat-linux/4.1.2/../../../../lib64 -L/usr/lib/gcc/x86_64-redhat-linux/4.1.2/../../.. -L/lib64 -L/lib -L/usr/lib64 -L/usr/lib -lifport -lifcore -limf -lsvml -lm -lipgo -lirc -lpthread -lirc_s -ldl
configure:5670: checking for dummy main to link with Fortran 77 libraries
configure:5704: icc -o conftest -g -O2   conftest.c   -L/u/shared/programs/noarch/mkl/10.2.3.029/lib/em64t -L/u/shared/programs/noarch/tbb/2.2.012/tbb/ia32/cc4.1.0_libc2.4_kernel2.6.16.21/lib -L/u/shared/programs/x86_64/ipp/6.1.2.051/ipp/em64t/lib -L/u/shared/programs/x86_64/ifort/11.1.064/lib/intel64 -L/u/shared/programs/x86_64/icc/11.1.064/lib/intel64 -L/usr/lib/gcc/x86_64-redhat-linux/4.1.2 -L/usr/lib/gcc/x86_64-redhat-linux/4.1.2/../../../../lib64 -L/usr/lib/gcc/x86_64-redhat-linux/4.1.2/../../.. -L/lib64 -L/lib -L/usr/lib64 -L/usr/lib -lifport -lifcore -limf -lsvml -lm -lipgo -lirc -lpthread -lirc_s -ldl >&5
configure:5704: $? = 0
configure:5749: result: none
configure:5782: checking for Fortran 77 name-mangling scheme
configure:5795: ifort -c -g conftest.f >&5
configure:5795: $? = 0
configure:5836: icc -o conftest -g -O2   conftest.c cfortran_test.o   -L/u/shared/programs/noarch/mkl/10.2.3.029/lib/em64t -L/u/shared/programs/noarch/tbb/2.2.012/tbb/ia32/cc4.1.0_libc2.4_kernel2.6.16.21/lib -L/u/shared/programs/x86_64/ipp/6.1.2.051/ipp/em64t/lib -L/u/shared/programs/x86_64/ifort/11.1.064/lib/intel64 -L/u/shared/programs/x86_64/icc/11.1.064/lib/intel64 -L/usr/lib/gcc/x86_64-redhat-linux/4.1.2 -L/usr/lib/gcc/x86_64-redhat-linux/4.1.2/../../../../lib64 -L/usr/lib/gcc/x86_64-redhat-linux/4.1.2/../../.. -L/lib64 -L/lib -L/usr/lib64 -L/usr/lib -lifport -lifcore -limf -lsvml -lm -lipgo -lirc -lpthread -lirc_s -ldl >&5
/tmp/iccQWAGZY.o: In function `main':
/scratch/marsamos/espresso-5.0.2/espresso/conftest.c:40: undefined reference to `foobar'
configure:5836: $? = 1
configure: failed program was:
| /* confdefs.h */
| #define PACKAGE_NAME "ESPRESSO"
| #define PACKAGE_TARNAME "espresso"
| #define PACKAGE_VERSION "5.0.1"
| #define PACKAGE_STRING "ESPRESSO 5.0.1"
| #define PACKAGE_BUGREPORT ""
| #define PACKAGE_URL ""
| #define STDC_HEADERS 1
| #define HAVE_SYS_TYPES_H 1
| #define HAVE_SYS_STAT_H 1
| #define HAVE_STDLIB_H 1
| #define HAVE_STRING_H 1
| #define HAVE_MEMORY_H 1
| #define HAVE_STRINGS_H 1
| #define HAVE_INTTYPES_H 1
| #define HAVE_STDINT_H 1
| #define HAVE_UNISTD_H 1
| #define SIZEOF_INT_P 8
| #define HAVE_MALLINFO 1
| /* end confdefs.h.  */
| 
| /* Override any GCC internal prototype to avoid an error.
|    Use char because int might match the return type of a GCC
|    builtin and then its argument prototype would still apply.  */
| #ifdef __cplusplus
| extern "C"
| #endif
| char foobar ();
| #ifdef F77_DUMMY_MAIN
| 
| #  ifdef __cplusplus
|      extern "C"
| #  endif
|    int F77_DUMMY_MAIN() { return 1; }
| 
| #endif
| int
| main ()
| {
| return foobar ();
|   ;
|   return 0;
| }
configure:5836: icc -o conftest -g -O2   conftest.c cfortran_test.o   -L/u/shared/programs/noarch/mkl/10.2.3.029/lib/em64t -L/u/shared/programs/noarch/tbb/2.2.012/tbb/ia32/cc4.1.0_libc2.4_kernel2.6.16.21/lib -L/u/shared/programs/x86_64/ipp/6.1.2.051/ipp/em64t/lib -L/u/shared/programs/x86_64/ifort/11.1.064/lib/intel64 -L/u/shared/programs/x86_64/icc/11.1.064/lib/intel64 -L/usr/lib/gcc/x86_64-redhat-linux/4.1.2 -L/usr/lib/gcc/x86_64-redhat-linux/4.1.2/../../../../lib64 -L/usr/lib/gcc/x86_64-redhat-linux/4.1.2/../../.. -L/lib64 -L/lib -L/usr/lib64 -L/usr/lib -lifport -lifcore -limf -lsvml -lm -lipgo -lirc -lpthread -lirc_s -ldl >&5
configure:5836: $? = 0
configure:5894: icc -o conftest -g -O2   conftest.c cfortran_test.o   -L/u/shared/programs/noarch/mkl/10.2.3.029/lib/em64t -L/u/shared/programs/noarch/tbb/2.2.012/tbb/ia32/cc4.1.0_libc2.4_kernel2.6.16.21/lib -L/u/shared/programs/x86_64/ipp/6.1.2.051/ipp/em64t/lib -L/u/shared/programs/x86_64/ifort/11.1.064/lib/intel64 -L/u/shared/programs/x86_64/icc/11.1.064/lib/intel64 -L/usr/lib/gcc/x86_64-redhat-linux/4.1.2 -L/usr/lib/gcc/x86_64-redhat-linux/4.1.2/../../../../lib64 -L/usr/lib/gcc/x86_64-redhat-linux/4.1.2/../../.. -L/lib64 -L/lib -L/usr/lib64 -L/usr/lib -lifport -lifcore -limf -lsvml -lm -lipgo -lirc -lpthread -lirc_s -ldl >&5
configure:5894: $? = 0
configure:5936: result: lower case, underscore, no extra underscore
configure:6379: checking for library containing dgemm
configure:6397: ifort -o conftest -O2 -assume byterecl -g -traceback -par-report0 -vec-report0  -nomodule -static-intel    conftest.f  >&5
/tmp/ifortQwwHLH.o: In function `main':
/scratch/marsamos/espresso-5.0.2/espresso/conftest.f:2: undefined reference to `dgemm_'
configure:6397: $? = 1
configure: failed program was:
|       program main
|       call dgemm
|       end
configure:6397: ifort -o conftest -O2 -assume byterecl -g -traceback -par-report0 -vec-report0  -nomodule -static-intel    conftest.f -lmkl_intel_lp64 -lmkl_sequential -lmkl_core  >&5
configure:6397: $? = 0
configure:6414: result: -lmkl_intel_lp64
configure:7233: checking for library containing dspev
configure:7251: ifort -o conftest -O2 -assume byterecl -g -traceback -par-report0 -vec-report0  -nomodule -static-intel  conftest.f    -lmkl_intel_lp64  -lmkl_sequential -lmkl_core >&5
configure:7251: $? = 0
configure:7268: result: none required
configure:8004: checking for library containing dfftw_execute_dft
configure:8022: ifort -o conftest -O2 -assume byterecl -g -traceback -par-report0 -vec-report0  -nomodule   conftest.f  >&5
/tmp/ifortEMLMVs.o: In function `main':
/scratch/marsamos/espresso-5.0.2/espresso/conftest.f:2: undefined reference to `dfftw_execute_dft_'
configure:8022: $? = 1
configure: failed program was:
|       program main
|       call dfftw_execute_dft
|       end
configure:8022: ifort -o conftest -O2 -assume byterecl -g -traceback -par-report0 -vec-report0  -nomodule   conftest.f -lfftw3 -lm  >&5
configure:8022: $? = 0
configure:8039: result: -lfftw3
configure:8321: checking for library containing mpi_init
configure:8339: mpif90 -o conftest -O2 -assume byterecl -g -traceback -par-report0 -vec-report0  -nomodule  conftest.f  >&5
/u/shared/programs/x86_64/ifort/11.1.064/lib/intel64/libimf.so: warning: warning: feupdateenv is not implemented and will always fail
configure:8339: $? = 0
configure:8356: result: none required
configure:8378: checking for library containing mpi_init
configure:8413: result: none required
configure:8427: checking for library containing pdgemr2d
configure:8445: mpif90 -o conftest -O2 -assume byterecl -g -traceback -par-report0 -vec-report0  -nomodule  conftest.f  >&5
/u/shared/programs/x86_64/ifort/11.1.064/lib/intel64/libimf.so: warning: warning: feupdateenv is not implemented and will always fail
/tmp/ifortH6xPQ3.o: In function `main':
/scratch/marsamos/espresso-5.0.2/espresso/conftest.f:2: undefined reference to `pdgemr2d_'
configure:8445: $? = 1
configure: failed program was:
|       program main
|       call pdgemr2d
|       end
configure:8445: mpif90 -o conftest -O2 -assume byterecl -g -traceback -par-report0 -vec-report0  -nomodule  conftest.f  >&5
/u/shared/programs/x86_64/ifort/11.1.064/lib/intel64/libimf.so: warning: warning: feupdateenv is not implemented and will always fail
/tmp/ifortFiumPm.o: In function `main':
/scratch/marsamos/espresso-5.0.2/espresso/conftest.f:2: undefined reference to `pdgemr2d_'
configure:8445: $? = 1
configure: failed program was:
|       program main
|       call pdgemr2d
|       end
configure:8462: result: no
configure:8498: checking for library containing pdgemr2d
configure:8516: mpif90 -o conftest -O2 -assume byterecl -g -traceback -par-report0 -vec-report0  -nomodule  conftest.f -lmkl_blacs_lp64    -lmkl_intel_lp64  -lmkl_sequential -lmkl_core >&5
/u/shared/programs/x86_64/ifort/11.1.064/lib/intel64/libimf.so: warning: warning: feupdateenv is not implemented and will always fail
/tmp/ifortKOcpxF.o: In function `main':
/scratch/marsamos/espresso-5.0.2/espresso/conftest.f:2: undefined reference to `pdgemr2d_'
configure:8516: $? = 1
configure: failed program was:
|       program main
|       call pdgemr2d
|       end
configure:8516: mpif90 -o conftest -O2 -assume byterecl -g -traceback -par-report0 -vec-report0  -nomodule  conftest.f -lmkl_scalapack_lp64  -lmkl_blacs_lp64    -lmkl_intel_lp64  -lmkl_sequential -lmkl_core >&5
/u/shared/programs/x86_64/ifort/11.1.064/lib/intel64/libimf.so: warning: warning: feupdateenv is not implemented and will always fail
configure:8516: $? = 0
configure:8533: result: -lmkl_scalapack_lp64
configure:8752: checking for ranlib
configure:8768: found /usr/bin/ranlib
configure:8780: result: ranlib
configure:8801: checking for wget
configure:8817: found /usr/bin/wget
configure:8828: result: wget -O
configure:9075: creating ./config.status

## ---------------------- ##
## Running config.status. ##
## ---------------------- ##

This file was extended by ESPRESSO config.status 5.0.1, which was
generated by GNU Autoconf 2.65.  Invocation command line was

  CONFIG_FILES    = 
  CONFIG_HEADERS  = 
  CONFIG_LINKS    = 
  CONFIG_COMMANDS = 
  $ ./config.status 

on paperone.cm.sissa.it

config.status:872: creating include/fft_defs.h
config.status:872: creating make.sys
config.status:872: creating configure.msg
config.status:872: creating install/make_wannier90.sys
config.status:872: creating install/make_blas.inc
config.status:872: creating install/make_lapack.inc
config.status:872: creating include/c_defs.h

## ---------------- ##
## Cache variables. ##
## ---------------- ##

ac_cv_build=x86_64-unknown-linux-gnu
ac_cv_c_compiler_gnu=yes
ac_cv_env_CC_set=
ac_cv_env_CC_value=
ac_cv_env_CFLAGS_set=
ac_cv_env_CFLAGS_value=
ac_cv_env_CPPFLAGS_set=
ac_cv_env_CPPFLAGS_value=
ac_cv_env_CPP_set=
ac_cv_env_CPP_value=
ac_cv_env_EXTLIB_FLAGS_set=
ac_cv_env_EXTLIB_FLAGS_value=
ac_cv_env_F77_set=
ac_cv_env_F77_value=
ac_cv_env_FCFLAGS_set=
ac_cv_env_FCFLAGS_value=
ac_cv_env_FC_set=
ac_cv_env_FC_value=
ac_cv_env_FFLAGS_set=
ac_cv_env_FFLAGS_value=
ac_cv_env_LDFLAGS_set=
ac_cv_env_LDFLAGS_value=
ac_cv_env_LIBS_set=
ac_cv_env_LIBS_value=
ac_cv_env_build_alias_set=
ac_cv_env_build_alias_value=
ac_cv_env_host_alias_set=
ac_cv_env_host_alias_value=
ac_cv_env_target_alias_set=
ac_cv_env_target_alias_value=
ac_cv_f77_compiler_gnu=no
ac_cv_f77_dummy_main=none
ac_cv_f77_libs=' -L/u/shared/programs/noarch/mkl/10.2.3.029/lib/em64t -L/u/shared/programs/noarch/tbb/2.2.012/tbb/ia32/cc4.1.0_libc2.4_kernel2.6.16.21/lib -L/u/shared/programs/x86_64/ipp/6.1.2.051/ipp/em64t/lib -L/u/shared/programs/x86_64/ifort/11.1.064/lib/intel64 -L/u/shared/programs/x86_64/icc/11.1.064/lib/intel64 -L/usr/lib/gcc/x86_64-redhat-linux/4.1.2 -L/usr/lib/gcc/x86_64-redhat-linux/4.1.2/../../../../lib64 -L/usr/lib/gcc/x86_64-redhat-linux/4.1.2/../../.. -L/lib64 -L/lib -L/usr/lib64 -L/usr/lib -lifport -lifcore -limf -lsvml -lm -lipgo -lirc -lpthread -lirc_s -ldl'
ac_cv_f77_mangling='lower case, underscore, no extra underscore'
ac_cv_fc_compiler_gnu=no
ac_cv_fc_srcext_f90=none
ac_cv_fortran_dummy_main=none
ac_cv_header_inttypes_h=yes
ac_cv_header_malloc_h=yes
ac_cv_header_memory_h=yes
ac_cv_header_stdc=yes
ac_cv_header_stdint_h=yes
ac_cv_header_stdlib_h=yes
ac_cv_header_string_h=yes
ac_cv_header_strings_h=yes
ac_cv_header_sys_stat_h=yes
ac_cv_header_sys_types_h=yes
ac_cv_header_unistd_h=yes
ac_cv_member_struct_mallinfo_arena=yes
ac_cv_objext=o
ac_cv_path_EGREP='/bin/grep -E'
ac_cv_path_GREP=/bin/grep
ac_cv_prog_CPP='icc -E'
ac_cv_prog_ac_ct_CC=icc
ac_cv_prog_ac_ct_F77=ifort
ac_cv_prog_ac_ct_FC=mpif90
ac_cv_prog_cc_c89=
ac_cv_prog_cc_g=yes
ac_cv_prog_f77_g=yes
ac_cv_prog_f77_v=-v
ac_cv_prog_fc_g=yes
ac_cv_prog_make_make_set=yes
ac_cv_prog_ranlib=ranlib
ac_cv_prog_wget='wget -O'
ac_cv_search_dfftw_execute_dft=-lfftw3
ac_cv_search_dgemm=-lmkl_intel_lp64
ac_cv_search_dspev='none required'
ac_cv_search_mpi_init='none required'
ac_cv_search_pdgemr2d=-lmkl_scalapack_lp64
ac_cv_sizeof_int_p=8

## ----------------- ##
## Output variables. ##
## ----------------- ##

CC='icc'
CFLAGS='-O3'
CPP='icc -E'
CPPFLAGS='-O3'
Configured for compilation of parallel executables.'
DEFS='-DHAVE_CONFIG_H'
ECHO_C=''
ECHO_N='-n'
ECHO_T=''
EGREP='/bin/grep -E'
EXEEXT=''
EXTLIB_FLAGS=''
F77='mpif90'
FC='mpif90'
FCFLAGS='-g'
FCFLAGS_f90=''
FFLAGS='-O2 -assume byterecl -g -traceback -par-report0 -vec-report0  -nomodule'
FLIBS=' -L/u/shared/programs/noarch/mkl/10.2.3.029/lib/em64t -L/u/shared/programs/noarch/tbb/2.2.012/tbb/ia32/cc4.1.0_libc2.4_kernel2.6.16.21/lib -L/u/shared/programs/x86_64/ipp/6.1.2.051/ipp/em64t/lib -L/u/shared/programs/x86_64/ifort/11.1.064/lib/intel64 -L/u/shared/programs/x86_64/icc/11.1.064/lib/intel64 -L/usr/lib/gcc/x86_64-redhat-linux/4.1.2 -L/usr/lib/gcc/x86_64-redhat-linux/4.1.2/../../../../lib64 -L/usr/lib/gcc/x86_64-redhat-linux/4.1.2/../../.. -L/lib64 -L/lib -L/usr/lib64 -L/usr/lib -lifport -lifcore -limf -lsvml -lm -lipgo -lirc -lpthread -lirc_s -ldl'
GREP='/bin/grep'
LDFLAGS=''
LIBOBJS=''
LIBS='-lmkl_scalapack_lp64 -lmkl_blacs_lp64    -lmkl_intel_lp64  -lmkl_sequential -lmkl_core'
LTLIBOBJS=''
OBJEXT='o'
PACKAGE_BUGREPORT=''
PACKAGE_NAME='ESPRESSO'
PACKAGE_STRING='ESPRESSO 5.0.1'
PACKAGE_TARNAME='espresso'
PACKAGE_URL=''
PACKAGE_VERSION='5.0.1'
PATH_SEPARATOR=':'
SET_MAKE=''
SHELL='/bin/sh'
SIZEOF_INT_P='8'
ac_ct_CC='icc'
ac_ct_F77='ifort'
ac_ct_FC='mpif90'
ar='ar'
arflags='ruv'
bindir='${exec_prefix}/bin'
blas_libs='  -lmkl_intel_lp64  -lmkl_sequential -lmkl_core'
blas_libs_switch='external'
blas_line='BLAS_LIBS=  -lmkl_intel_lp64  -lmkl_sequential -lmkl_core'
build='x86_64-unknown-linux-gnu'
build_alias=''
build_cpu='x86_64'
build_os='linux-gnu'
build_vendor='unknown'
cc='icc'
cflags='-O3'
cpp='cpp'
cppflags='-P -traditional'
datadir='${datarootdir}'
datarootdir='${prefix}/share'
dflags=' -D__INTEL -D__FFTW3 -D__MPI -D__PARA -D__SCALAPACK'
docdir='${datarootdir}/doc/${PACKAGE_TARNAME}'
dvidir='${docdir}'
elpa_libs_switch='disabled'
exec_prefix='${prefix}'
extlib_flags=''
f77='ifort'
f90='ifort'
f90flags='$(FFLAGS) -nomodule'
f90rule='$(MPIF90) $(F90FLAGS) -c $<'
fdflags='$(DFLAGS)'
fflags='-O2 -assume byterecl -g -traceback -par-report0 -vec-report0'
fflags_nomain='-nofor_main'
fflags_noopt='-O0 -assume byterecl -g -traceback'
fft_libs=' -lfftw3 '
fft_line='FFT_LIBS= -lfftw3 '
host_alias=''
htmldir='${docdir}'
iflags='-I../include'
imod='-I'
includedir='${prefix}/include'
infodir='${datarootdir}/info'
lapack_libs=''
lapack_libs_switch='external'
lapack_line='LAPACK_LIBS='
ld='mpif90'
ld_libs=''
ldflags='-static-intel '
libdir='${exec_prefix}/lib'
libexecdir='${exec_prefix}/libexec'
localedir='${datarootdir}/locale'
localstatedir='${prefix}/var'
mandir='${datarootdir}/man'
mass_libs=''
mass_line='@delete@'
mpi_libs=''
mpi_line='@delete@'
mpif90='mpif90'
oldincludedir='/usr/include'
parallel_report='Parallel environment detected successfully.\
pdfdir='${docdir}'
pre_fdflags='-fpp '
prefix='/usr/local'
program_transform_name='s,x,x,'
psdir='${docdir}'
ranlib='ranlib'
sbindir='${exec_prefix}/sbin'
scalapack_libs='-lmkl_scalapack_lp64 -lmkl_blacs_openmpi_lp64'
scalapack_line='SCALAPACK_LIBS=-lmkl_scalapack_lp64 -lmkl_blacs_openmpi_lp64'
sharedstatedir='${prefix}/com'
sysconfdir='${prefix}/etc'
target_alias=''
topdir='/scratch/marsamos/espresso-5.0.2/espresso'
wget='wget -O'

## ----------- ##
## confdefs.h. ##
## ----------- ##

/* confdefs.h */
#define PACKAGE_NAME "ESPRESSO"
#define PACKAGE_TARNAME "espresso"
#define PACKAGE_VERSION "5.0.1"
#define PACKAGE_STRING "ESPRESSO 5.0.1"
#define PACKAGE_BUGREPORT ""
#define PACKAGE_URL ""
#define STDC_HEADERS 1
#define HAVE_SYS_TYPES_H 1
#define HAVE_SYS_STAT_H 1
#define HAVE_STDLIB_H 1
#define HAVE_STRING_H 1
#define HAVE_MEMORY_H 1
#define HAVE_STRINGS_H 1
#define HAVE_INTTYPES_H 1
#define HAVE_STDINT_H 1
#define HAVE_UNISTD_H 1
#define SIZEOF_INT_P 8
#define HAVE_MALLINFO 1
#define F77_FUNC(name,NAME) name ## _
#define F77_FUNC_(name,NAME) name ## _

configure: exit 0
